{"/home/munendra.kushwaha/WORKSPACE/events-backend/src/app.ts": {"path":"/home/munendra.kushwaha/WORKSPACE/events-backend/src/app.ts","statementMap":{"0":{"start":{"line":1,"column":0},"end":{"line":1,"column":30}},"1":{"start":{"line":2,"column":0},"end":{"line":2,"column":24}},"2":{"start":{"line":3,"column":0},"end":{"line":3,"column":28}},"3":{"start":{"line":4,"column":0},"end":{"line":4,"column":43}},"4":{"start":{"line":5,"column":0},"end":{"line":5,"column":57}},"5":{"start":{"line":6,"column":0},"end":{"line":6,"column":55}},"6":{"start":{"line":7,"column":0},"end":{"line":7,"column":57}},"7":{"start":{"line":8,"column":0},"end":{"line":8,"column":47}},"8":{"start":{"line":9,"column":0},"end":{"line":9,"column":36}},"9":{"start":{"line":11,"column":0},"end":{"line":11,"column":52}},"10":{"start":{"line":12,"column":0},"end":{"line":12,"column":36}},"11":{"start":{"line":18,"column":4},"end":{"line":18,"column":20}},"12":{"start":{"line":19,"column":4},"end":{"line":19,"column":25}},"13":{"start":{"line":23,"column":4},"end":{"line":23,"column":27}},"14":{"start":{"line":24,"column":4},"end":{"line":24,"column":18}},"15":{"start":{"line":28,"column":4},"end":{"line":28,"column":41}},"16":{"start":{"line":29,"column":4},"end":{"line":29,"column":20}},"17":{"start":{"line":30,"column":4},"end":{"line":30,"column":33}},"18":{"start":{"line":31,"column":4},"end":{"line":38,"column":6}},"19":{"start":{"line":39,"column":4},"end":{"line":39,"column":49}},"20":{"start":{"line":40,"column":4},"end":{"line":40,"column":58}},"21":{"start":{"line":44,"column":4},"end":{"line":44,"column":39}},"22":{"start":{"line":45,"column":4},"end":{"line":45,"column":41}},"23":{"start":{"line":47,"column":4},"end":{"line":47,"column":77}},"24":{"start":{"line":48,"column":4},"end":{"line":53,"column":6}},"25":{"start":{"line":51,"column":8},"end":{"line":51,"column":45}},"26":{"start":{"line":55,"column":4},"end":{"line":57,"column":7}},"27":{"start":{"line":56,"column":6},"end":{"line":56,"column":44}},"28":{"start":{"line":61,"column":4},"end":{"line":63,"column":7}},"29":{"start":{"line":62,"column":6},"end":{"line":62,"column":68}},"30":{"start":{"line":66,"column":0},"end":{"line":66,"column":22}}},"fnMap":{"0":{"name":"(anonymous_1)","decl":{"start":{"line":17,"column":2},"end":{"line":17,"column":null}},"loc":{"start":{"line":17,"column":2},"end":{"line":20,"column":3}}},"1":{"name":"(anonymous_2)","decl":{"start":{"line":22,"column":2},"end":{"line":22,"column":7}},"loc":{"start":{"line":22,"column":17},"end":{"line":25,"column":3}}},"2":{"name":"(anonymous_3)","decl":{"start":{"line":27,"column":2},"end":{"line":27,"column":7}},"loc":{"start":{"line":27,"column":17},"end":{"line":41,"column":3}}},"3":{"name":"(anonymous_4)","decl":{"start":{"line":43,"column":2},"end":{"line":43,"column":8}},"loc":{"start":{"line":43,"column":8},"end":{"line":58,"column":3}}},"4":{"name":"(anonymous_5)","decl":{"start":{"line":50,"column":6},"end":{"line":50,"column":7}},"loc":{"start":{"line":50,"column":54},"end":{"line":52,"column":7}}},"5":{"name":"(anonymous_6)","decl":{"start":{"line":55,"column":22},"end":{"line":55,"column":23}},"loc":{"start":{"line":55,"column":70},"end":{"line":57,"column":5}}},"6":{"name":"(anonymous_7)","decl":{"start":{"line":60,"column":9},"end":{"line":60,"column":14}},"loc":{"start":{"line":60,"column":14},"end":{"line":64,"column":3}}},"7":{"name":"(anonymous_8)","decl":{"start":{"line":61,"column":39},"end":{"line":61,"column":42}},"loc":{"start":{"line":61,"column":44},"end":{"line":63,"column":5}}}},"branchMap":{},"s":{"0":3,"1":3,"2":3,"3":3,"4":3,"5":3,"6":3,"7":3,"8":3,"9":3,"10":3,"11":3,"12":3,"13":44,"14":44,"15":44,"16":44,"17":44,"18":44,"19":44,"20":44,"21":44,"22":44,"23":44,"24":44,"25":1,"26":44,"27":1,"28":0,"29":0,"30":3},"f":{"0":3,"1":44,"2":44,"3":44,"4":1,"5":1,"6":0,"7":0},"b":{}}
,"/home/munendra.kushwaha/WORKSPACE/events-backend/src/config.ts": {"path":"/home/munendra.kushwaha/WORKSPACE/events-backend/src/config.ts","statementMap":{"0":{"start":{"line":1,"column":0},"end":{"line":1,"column":28}},"1":{"start":{"line":9,"column":0},"end":{"line":9,"column":16}},"2":{"start":{"line":11,"column":35},"end":{"line":16,"column":2}},"3":{"start":{"line":18,"column":0},"end":{"line":18,"column":28}}},"fnMap":{},"branchMap":{"0":{"loc":{"start":{"line":12,"column":13},"end":{"line":12,"column":50}},"type":"cond-expr","locations":[{"start":{"line":12,"column":33},"end":{"line":12,"column":37}},{"start":{"line":12,"column":37},"end":{"line":12,"column":50}}]},"1":{"loc":{"start":{"line":12,"column":13},"end":{"line":12,"column":37}},"type":"binary-expr","locations":[{"start":{"line":12,"column":13},"end":{"line":12,"column":37}},{"start":{"line":12,"column":33},"end":{"line":12,"column":37}}]},"2":{"loc":{"start":{"line":13,"column":19},"end":{"line":13,"column":45}},"type":"cond-expr","locations":[{"start":{"line":13,"column":35},"end":{"line":13,"column":39}},{"start":{"line":13,"column":39},"end":{"line":13,"column":45}}]},"3":{"loc":{"start":{"line":13,"column":19},"end":{"line":13,"column":39}},"type":"binary-expr","locations":[{"start":{"line":13,"column":19},"end":{"line":13,"column":39}},{"start":{"line":13,"column":35},"end":{"line":13,"column":39}}]},"4":{"loc":{"start":{"line":14,"column":15},"end":{"line":14,"column":43}},"type":"cond-expr","locations":[{"start":{"line":14,"column":37},"end":{"line":14,"column":41}},{"start":{"line":14,"column":41},"end":{"line":14,"column":43}}]},"5":{"loc":{"start":{"line":14,"column":15},"end":{"line":14,"column":41}},"type":"binary-expr","locations":[{"start":{"line":14,"column":15},"end":{"line":14,"column":41}},{"start":{"line":14,"column":37},"end":{"line":14,"column":41}}]},"6":{"loc":{"start":{"line":15,"column":14},"end":{"line":15,"column":41}},"type":"cond-expr","locations":[{"start":{"line":15,"column":35},"end":{"line":15,"column":39}},{"start":{"line":15,"column":39},"end":{"line":15,"column":41}}]},"7":{"loc":{"start":{"line":15,"column":14},"end":{"line":15,"column":39}},"type":"binary-expr","locations":[{"start":{"line":15,"column":14},"end":{"line":15,"column":39}},{"start":{"line":15,"column":35},"end":{"line":15,"column":39}}]}},"s":{"0":3,"1":3,"2":3,"3":3},"f":{},"b":{"0":[3,0],"1":[3,3],"2":[3,0],"3":[3,3],"4":[3,0],"5":[3,3],"6":[3,0],"7":[3,3]}}
,"/home/munendra.kushwaha/WORKSPACE/events-backend/src/docs/swaggerConfig.ts": {"path":"/home/munendra.kushwaha/WORKSPACE/events-backend/src/docs/swaggerConfig.ts","statementMap":{"0":{"start":{"line":1,"column":0},"end":{"line":1,"column":41}},"1":{"start":{"line":3,"column":38},"end":{"line":19,"column":2}},"2":{"start":{"line":21,"column":25},"end":{"line":21,"column":46}},"3":{"start":{"line":23,"column":0},"end":{"line":23,"column":27}}},"fnMap":{},"branchMap":{},"s":{"0":3,"1":3,"2":3,"3":3},"f":{},"b":{}}
,"/home/munendra.kushwaha/WORKSPACE/events-backend/src/lib/Connection.ts": {"path":"/home/munendra.kushwaha/WORKSPACE/events-backend/src/lib/Connection.ts","statementMap":{"0":{"start":{"line":1,"column":0},"end":{"line":1,"column":32}},"1":{"start":{"line":2,"column":0},"end":{"line":2,"column":37}},"2":{"start":{"line":3,"column":0},"end":{"line":3,"column":37}},"3":{"start":{"line":5,"column":19},"end":{"line":5,"column":47}},"4":{"start":{"line":7,"column":2},"end":{"line":14,"column":4}},"5":{"start":{"line":8,"column":4},"end":{"line":13,"column":5}},"6":{"start":{"line":9,"column":6},"end":{"line":9,"column":39}},"7":{"start":{"line":10,"column":6},"end":{"line":10,"column":50}},"8":{"start":{"line":12,"column":6},"end":{"line":12,"column":59}},"9":{"start":{"line":16,"column":2},"end":{"line":23,"column":4}},"10":{"start":{"line":17,"column":4},"end":{"line":22,"column":5}},"11":{"start":{"line":18,"column":6},"end":{"line":18,"column":34}},"12":{"start":{"line":19,"column":6},"end":{"line":19,"column":47}},"13":{"start":{"line":21,"column":6},"end":{"line":21,"column":48}},"14":{"start":{"line":26,"column":0},"end":{"line":26,"column":32}}},"fnMap":{"0":{"name":"(anonymous_1)","decl":{"start":{"line":4,"column":0},"end":{"line":4,"column":6}},"loc":{"start":{"line":4,"column":0},"end":{"line":24,"column":1}}},"1":{"name":"(anonymous_2)","decl":{"start":{"line":7,"column":14},"end":{"line":7,"column":19}},"loc":{"start":{"line":7,"column":39},"end":{"line":14,"column":3}}},"2":{"name":"(anonymous_3)","decl":{"start":{"line":16,"column":17},"end":{"line":16,"column":22}},"loc":{"start":{"line":16,"column":42},"end":{"line":23,"column":3}}}},"branchMap":{},"s":{"0":3,"1":3,"2":3,"3":3,"4":3,"5":88,"6":88,"7":88,"8":0,"9":3,"10":57,"11":57,"12":57,"13":0,"14":3},"f":{"0":3,"1":88,"2":57},"b":{}}
,"/home/munendra.kushwaha/WORKSPACE/events-backend/src/lib/index.ts": {"path":"/home/munendra.kushwaha/WORKSPACE/events-backend/src/lib/index.ts","statementMap":{"0":{"start":{"line":1,"column":0},"end":{"line":1,"column":7}},"1":{"start":{"line":4,"column":9},"end":{"line":1,"column":38}},"2":{"start":{"line":2,"column":0},"end":{"line":2,"column":7}},"3":{"start":{"line":4,"column":21},"end":{"line":2,"column":51}}},"fnMap":{},"branchMap":{},"s":{"0":3,"1":3,"2":3,"3":3},"f":{},"b":{}}
,"/home/munendra.kushwaha/WORKSPACE/events-backend/src/lib/base/baseRepository.ts": {"path":"/home/munendra.kushwaha/WORKSPACE/events-backend/src/lib/base/baseRepository.ts","statementMap":{"0":{"start":{"line":3,"column":0},"end":{"line":3,"column":40}},"1":{"start":{"line":9,"column":4},"end":{"line":9,"column":23}},"2":{"start":{"line":13,"column":4},"end":{"line":13,"column":43}},"3":{"start":{"line":14,"column":4},"end":{"line":14,"column":45}},"4":{"start":{"line":18,"column":4},"end":{"line":18,"column":48}},"5":{"start":{"line":19,"column":4},"end":{"line":19,"column":41}},"6":{"start":{"line":23,"column":0},"end":{"line":23,"column":30}}},"fnMap":{"0":{"name":"(anonymous_1)","decl":{"start":{"line":8,"column":2},"end":{"line":8,"column":14}},"loc":{"start":{"line":8,"column":29},"end":{"line":10,"column":3}}},"1":{"name":"(anonymous_2)","decl":{"start":{"line":12,"column":9},"end":{"line":12,"column":14}},"loc":{"start":{"line":12,"column":29},"end":{"line":15,"column":3}}},"2":{"name":"(anonymous_3)","decl":{"start":{"line":17,"column":9},"end":{"line":17,"column":14}},"loc":{"start":{"line":17,"column":49},"end":{"line":20,"column":3}}}},"branchMap":{},"s":{"0":3,"1":6,"2":2,"3":2,"4":11,"5":11,"6":3},"f":{"0":6,"1":2,"2":11},"b":{}}
,"/home/munendra.kushwaha/WORKSPACE/events-backend/src/lib/response-handler/StatusCodes.ts": {"path":"/home/munendra.kushwaha/WORKSPACE/events-backend/src/lib/response-handler/StatusCodes.ts","statementMap":{"0":{"start":{"line":1,"column":20},"end":{"line":37,"column":2}},"1":{"start":{"line":39,"column":0},"end":{"line":39,"column":27}}},"fnMap":{},"branchMap":{},"s":{"0":3,"1":3},"f":{},"b":{}}
,"/home/munendra.kushwaha/WORKSPACE/events-backend/src/lib/response-handler/SystemResponse.ts": {"path":"/home/munendra.kushwaha/WORKSPACE/events-backend/src/lib/response-handler/SystemResponse.ts","statementMap":{"0":{"start":{"line":1,"column":0},"end":{"line":1,"column":40}},"1":{"start":{"line":5,"column":4},"end":{"line":11,"column":6}},"2":{"start":{"line":14,"column":4},"end":{"line":18,"column":6}},"3":{"start":{"line":22,"column":4},"end":{"line":26,"column":6}},"4":{"start":{"line":29,"column":4},"end":{"line":33,"column":6}},"5":{"start":{"line":37,"column":4},"end":{"line":41,"column":null}},"6":{"start":{"line":44,"column":4},"end":{"line":49,"column":6}},"7":{"start":{"line":53,"column":0},"end":{"line":53,"column":30}}},"fnMap":{"0":{"name":"(anonymous_1)","decl":{"start":{"line":4,"column":2},"end":{"line":4,"column":8}},"loc":{"start":{"line":4,"column":62},"end":{"line":12,"column":3}}},"1":{"name":"(anonymous_2)","decl":{"start":{"line":13,"column":2},"end":{"line":13,"column":8}},"loc":{"start":{"line":13,"column":45},"end":{"line":19,"column":3}}},"2":{"name":"(anonymous_3)","decl":{"start":{"line":21,"column":2},"end":{"line":21,"column":8}},"loc":{"start":{"line":21,"column":36},"end":{"line":27,"column":3}}},"3":{"name":"(anonymous_4)","decl":{"start":{"line":28,"column":2},"end":{"line":28,"column":8}},"loc":{"start":{"line":28,"column":30},"end":{"line":34,"column":3}}},"4":{"name":"(anonymous_5)","decl":{"start":{"line":36,"column":2},"end":{"line":36,"column":8}},"loc":{"start":{"line":36,"column":39},"end":{"line":42,"column":3}}},"5":{"name":"(anonymous_6)","decl":{"start":{"line":43,"column":2},"end":{"line":43,"column":8}},"loc":{"start":{"line":43,"column":64},"end":{"line":50,"column":3}}}},"branchMap":{"0":{"loc":{"start":{"line":7,"column":12},"end":{"line":7,"column":24}},"type":"binary-expr","locations":[{"start":{"line":7,"column":12},"end":{"line":7,"column":16}},{"start":{"line":7,"column":20},"end":{"line":7,"column":24}}]},"1":{"loc":{"start":{"line":8,"column":18},"end":{"line":8,"column":36}},"type":"binary-expr","locations":[{"start":{"line":8,"column":18},"end":{"line":8,"column":28}},{"start":{"line":8,"column":32},"end":{"line":8,"column":36}}]},"2":{"loc":{"start":{"line":9,"column":15},"end":{"line":9,"column":35}},"type":"binary-expr","locations":[{"start":{"line":9,"column":15},"end":{"line":9,"column":22}},{"start":{"line":9,"column":26},"end":{"line":9,"column":35}}]},"3":{"loc":{"start":{"line":24,"column":15},"end":{"line":24,"column":40}},"type":"binary-expr","locations":[{"start":{"line":24,"column":15},"end":{"line":24,"column":22}},{"start":{"line":24,"column":26},"end":{"line":24,"column":40}}]},"4":{"loc":{"start":{"line":31,"column":15},"end":{"line":31,"column":42}},"type":"binary-expr","locations":[{"start":{"line":31,"column":15},"end":{"line":31,"column":22}},{"start":{"line":31,"column":26},"end":{"line":31,"column":42}}]},"5":{"loc":{"start":{"line":39,"column":14},"end":{"line":39,"column":39}},"type":"binary-expr","locations":[{"start":{"line":39,"column":14},"end":{"line":39,"column":21}},{"start":{"line":39,"column":25},"end":{"line":39,"column":39}}]},"6":{"loc":{"start":{"line":46,"column":13},"end":{"line":46,"column":26}},"type":"binary-expr","locations":[{"start":{"line":46,"column":13},"end":{"line":46,"column":18}},{"start":{"line":46,"column":22},"end":{"line":46,"column":26}}]},"7":{"loc":{"start":{"line":47,"column":15},"end":{"line":47,"column":49}},"type":"binary-expr","locations":[{"start":{"line":47,"column":15},"end":{"line":47,"column":22}},{"start":{"line":47,"column":26},"end":{"line":47,"column":49}}]},"8":{"loc":{"start":{"line":48,"column":14},"end":{"line":48,"column":55}},"type":"binary-expr","locations":[{"start":{"line":48,"column":14},"end":{"line":48,"column":18}},{"start":{"line":48,"column":22},"end":{"line":48,"column":55}}]}},"s":{"0":3,"1":10,"2":1,"3":0,"4":0,"5":0,"6":8,"7":3},"f":{"0":10,"1":1,"2":0,"3":0,"4":0,"5":8},"b":{"0":[10,2],"1":[10,7],"2":[10,0],"3":[0,0],"4":[0,0],"5":[0,0],"6":[8,1],"7":[8,0],"8":[8,7]}}
,"/home/munendra.kushwaha/WORKSPACE/events-backend/src/middlewares/OtherMiddleware.ts": {"path":"/home/munendra.kushwaha/WORKSPACE/events-backend/src/middlewares/OtherMiddleware.ts","statementMap":{"0":{"start":{"line":3,"column":0},"end":{"line":3,"column":37}},"1":{"start":{"line":6,"column":9},"end":{"line":13,"column":4}},"2":{"start":{"line":11,"column":4},"end":{"line":11,"column":54}},"3":{"start":{"line":12,"column":4},"end":{"line":12,"column":11}},"4":{"start":{"line":15,"column":9},"end":{"line":18,"column":4}},"5":{"start":{"line":16,"column":4},"end":{"line":16,"column":78}},"6":{"start":{"line":17,"column":4},"end":{"line":17,"column":11}},"7":{"start":{"line":21,"column":0},"end":{"line":21,"column":31}}},"fnMap":{"0":{"name":"(anonymous_1)","decl":{"start":{"line":6,"column":27},"end":{"line":6,"column":null}},"loc":{"start":{"line":10,"column":12},"end":{"line":13,"column":3}}},"1":{"name":"(anonymous_2)","decl":{"start":{"line":15,"column":18},"end":{"line":15,"column":19}},"loc":{"start":{"line":15,"column":76},"end":{"line":18,"column":3}}}},"branchMap":{},"s":{"0":3,"1":3,"2":44,"3":44,"4":3,"5":44,"6":44,"7":3},"f":{"0":44,"1":44},"b":{}}
,"/home/munendra.kushwaha/WORKSPACE/events-backend/src/middlewares/index.ts": {"path":"/home/munendra.kushwaha/WORKSPACE/events-backend/src/middlewares/index.ts","statementMap":{"0":{"start":{"line":1,"column":0},"end":{"line":1,"column":56}},"1":{"start":{"line":3,"column":0},"end":{"line":3,"column":39}}},"fnMap":{},"branchMap":{},"s":{"0":3,"1":3},"f":{},"b":{}}
,"/home/munendra.kushwaha/WORKSPACE/events-backend/src/modules/events/controller.ts": {"path":"/home/munendra.kushwaha/WORKSPACE/events-backend/src/modules/events/controller.ts","statementMap":{"0":{"start":{"line":2,"column":0},"end":{"line":2,"column":20}},"1":{"start":{"line":3,"column":0},"end":{"line":3,"column":36}},"2":{"start":{"line":5,"column":0},"end":{"line":5,"column":57}},"3":{"start":{"line":6,"column":0},"end":{"line":6,"column":35}},"4":{"start":{"line":7,"column":0},"end":{"line":7,"column":34}},"5":{"start":{"line":9,"column":0},"end":{"line":9,"column":71}},"6":{"start":{"line":11,"column":0},"end":{"line":11,"column":32}},"7":{"start":{"line":12,"column":0},"end":{"line":12,"column":40}},"8":{"start":{"line":15,"column":2},"end":{"line":71,"column":4}},"9":{"start":{"line":16,"column":4},"end":{"line":70,"column":5}},"10":{"start":{"line":17,"column":6},"end":{"line":17,"column":45}},"11":{"start":{"line":18,"column":43},"end":{"line":18,"column":52}},"12":{"start":{"line":19,"column":28},"end":{"line":19,"column":60}},"13":{"start":{"line":21,"column":8},"end":{"line":22,"column":40}},"14":{"start":{"line":24,"column":6},"end":{"line":35,"column":7}},"15":{"start":{"line":25,"column":21},"end":{"line":25,"column":56}},"16":{"start":{"line":26,"column":8},"end":{"line":34,"column":12}},"17":{"start":{"line":37,"column":6},"end":{"line":49,"column":7}},"18":{"start":{"line":38,"column":21},"end":{"line":38,"column":56}},"19":{"start":{"line":39,"column":21},"end":{"line":39,"column":64}},"20":{"start":{"line":40,"column":8},"end":{"line":48,"column":12}},"21":{"start":{"line":50,"column":19},"end":{"line":50,"column":59}},"22":{"start":{"line":51,"column":6},"end":{"line":59,"column":10}},"23":{"start":{"line":61,"column":6},"end":{"line":61,"column":60}},"24":{"start":{"line":62,"column":6},"end":{"line":69,"column":10}},"25":{"start":{"line":73,"column":2},"end":{"line":95,"column":4}},"26":{"start":{"line":74,"column":4},"end":{"line":94,"column":5}},"27":{"start":{"line":75,"column":6},"end":{"line":75,"column":54}},"28":{"start":{"line":76,"column":27},"end":{"line":76,"column":37}},"29":{"start":{"line":77,"column":36},"end":{"line":77,"column":45}},"30":{"start":{"line":78,"column":28},"end":{"line":78,"column":60}},"31":{"start":{"line":80,"column":8},"end":{"line":81,"column":40}},"32":{"start":{"line":82,"column":24},"end":{"line":82,"column":74}},"33":{"start":{"line":83,"column":20},"end":{"line":83,"column":79}},"34":{"start":{"line":84,"column":6},"end":{"line":88,"column":10}},"35":{"start":{"line":90,"column":6},"end":{"line":90,"column":71}},"36":{"start":{"line":91,"column":6},"end":{"line":93,"column":70}},"37":{"start":{"line":97,"column":2},"end":{"line":117,"column":4}},"38":{"start":{"line":98,"column":4},"end":{"line":116,"column":5}},"39":{"start":{"line":99,"column":6},"end":{"line":99,"column":48}},"40":{"start":{"line":101,"column":34},"end":{"line":101,"column":57}},"41":{"start":{"line":103,"column":6},"end":{"line":105,"column":79}},"42":{"start":{"line":107,"column":6},"end":{"line":107,"column":64}},"43":{"start":{"line":108,"column":6},"end":{"line":115,"column":10}},"44":{"start":{"line":119,"column":2},"end":{"line":139,"column":4}},"45":{"start":{"line":120,"column":4},"end":{"line":138,"column":5}},"46":{"start":{"line":121,"column":6},"end":{"line":121,"column":51}},"47":{"start":{"line":122,"column":32},"end":{"line":122,"column":40}},"48":{"start":{"line":123,"column":6},"end":{"line":123,"column":35}},"49":{"start":{"line":124,"column":6},"end":{"line":126,"column":66}},"50":{"start":{"line":128,"column":6},"end":{"line":128,"column":67}},"51":{"start":{"line":130,"column":6},"end":{"line":137,"column":10}},"52":{"start":{"line":141,"column":2},"end":{"line":169,"column":4}},"53":{"start":{"line":142,"column":4},"end":{"line":168,"column":5}},"54":{"start":{"line":143,"column":6},"end":{"line":143,"column":54}},"55":{"start":{"line":144,"column":21},"end":{"line":144,"column":31}},"56":{"start":{"line":145,"column":6},"end":{"line":147,"column":7}},"57":{"start":{"line":146,"column":8},"end":{"line":146,"column":78}},"58":{"start":{"line":148,"column":25},"end":{"line":148,"column":51}},"59":{"start":{"line":150,"column":6},"end":{"line":154,"column":7}},"60":{"start":{"line":151,"column":8},"end":{"line":153,"column":78}},"61":{"start":{"line":155,"column":6},"end":{"line":155,"column":52}},"62":{"start":{"line":157,"column":6},"end":{"line":157,"column":78}},"63":{"start":{"line":159,"column":6},"end":{"line":159,"column":65}},"64":{"start":{"line":160,"column":6},"end":{"line":167,"column":10}},"65":{"start":{"line":171,"column":2},"end":{"line":201,"column":4}},"66":{"start":{"line":172,"column":4},"end":{"line":172,"column":49}},"67":{"start":{"line":173,"column":28},"end":{"line":173,"column":41}},"68":{"start":{"line":174,"column":33},"end":{"line":174,"column":41}},"69":{"start":{"line":175,"column":4},"end":{"line":177,"column":5}},"70":{"start":{"line":176,"column":6},"end":{"line":176,"column":76}},"71":{"start":{"line":178,"column":4},"end":{"line":200,"column":5}},"72":{"start":{"line":179,"column":32},"end":{"line":179,"column":79}},"73":{"start":{"line":180,"column":6},"end":{"line":186,"column":7}},"74":{"start":{"line":181,"column":8},"end":{"line":185,"column":12}},"75":{"start":{"line":187,"column":6},"end":{"line":189,"column":62}},"76":{"start":{"line":191,"column":6},"end":{"line":191,"column":68}},"77":{"start":{"line":192,"column":6},"end":{"line":199,"column":10}},"78":{"start":{"line":203,"column":2},"end":{"line":225,"column":4}},"79":{"start":{"line":204,"column":4},"end":{"line":204,"column":49}},"80":{"start":{"line":205,"column":28},"end":{"line":205,"column":41}},"81":{"start":{"line":206,"column":4},"end":{"line":208,"column":5}},"82":{"start":{"line":207,"column":6},"end":{"line":207,"column":76}},"83":{"start":{"line":209,"column":4},"end":{"line":224,"column":5}},"84":{"start":{"line":210,"column":28},"end":{"line":210,"column":61}},"85":{"start":{"line":211,"column":6},"end":{"line":213,"column":77}},"86":{"start":{"line":215,"column":6},"end":{"line":215,"column":68}},"87":{"start":{"line":216,"column":6},"end":{"line":223,"column":10}},"88":{"start":{"line":227,"column":2},"end":{"line":329,"column":4}},"89":{"start":{"line":228,"column":4},"end":{"line":328,"column":5}},"90":{"start":{"line":229,"column":6},"end":{"line":229,"column":50}},"91":{"start":{"line":230,"column":28},"end":{"line":230,"column":50}},"92":{"start":{"line":231,"column":43},"end":{"line":231,"column":57}},"93":{"start":{"line":232,"column":6},"end":{"line":236,"column":7}},"94":{"start":{"line":233,"column":8},"end":{"line":235,"column":63}},"95":{"start":{"line":237,"column":34},"end":{"line":237,"column":36}},"96":{"start":{"line":238,"column":31},"end":{"line":238,"column":33}},"97":{"start":{"line":239,"column":33},"end":{"line":239,"column":35}},"98":{"start":{"line":240,"column":32},"end":{"line":240,"column":59}},"99":{"start":{"line":241,"column":23},"end":{"line":241,"column":54}},"100":{"start":{"line":243,"column":6},"end":{"line":317,"column":11}},"101":{"start":{"line":248,"column":10},"end":{"line":264,"column":13}},"102":{"start":{"line":267,"column":10},"end":{"line":280,"column":13}},"103":{"start":{"line":268,"column":30},"end":{"line":270,"column":14}},"104":{"start":{"line":271,"column":12},"end":{"line":279,"column":13}},"105":{"start":{"line":272,"column":14},"end":{"line":272,"column":35}},"106":{"start":{"line":274,"column":14},"end":{"line":278,"column":17}},"107":{"start":{"line":277,"column":60},"end":{"line":277,"column":73}},"108":{"start":{"line":281,"column":29},"end":{"line":281,"column":30}},"109":{"start":{"line":282,"column":10},"end":{"line":286,"column":11}},"110":{"start":{"line":283,"column":26},"end":{"line":283,"column":78}},"111":{"start":{"line":284,"column":12},"end":{"line":284,"column":43}},"112":{"start":{"line":285,"column":12},"end":{"line":285,"column":35}},"113":{"start":{"line":289,"column":10},"end":{"line":289,"column":34}},"114":{"start":{"line":291,"column":10},"end":{"line":291,"column":27}},"115":{"start":{"line":292,"column":10},"end":{"line":299,"column":11}},"116":{"start":{"line":293,"column":26},"end":{"line":295,"column":null}},"117":{"start":{"line":297,"column":12},"end":{"line":297,"column":42}},"118":{"start":{"line":298,"column":12},"end":{"line":298,"column":35}},"119":{"start":{"line":301,"column":34},"end":{"line":301,"column":61}},"120":{"start":{"line":303,"column":29},"end":{"line":311,"column":12}},"121":{"start":{"line":313,"column":10},"end":{"line":313,"column":47}},"122":{"start":{"line":314,"column":10},"end":{"line":316,"column":72}},"123":{"start":{"line":319,"column":6},"end":{"line":319,"column":66}},"124":{"start":{"line":320,"column":6},"end":{"line":327,"column":10}},"125":{"start":{"line":332,"column":0},"end":{"line":332,"column":32}}},"fnMap":{"0":{"name":"(anonymous_1)","decl":{"start":{"line":14,"column":0},"end":{"line":14,"column":6}},"loc":{"start":{"line":14,"column":0},"end":{"line":330,"column":1}}},"1":{"name":"(anonymous_2)","decl":{"start":{"line":15,"column":8},"end":{"line":15,"column":13}},"loc":{"start":{"line":15,"column":60},"end":{"line":71,"column":3}}},"2":{"name":"(anonymous_3)","decl":{"start":{"line":73,"column":18},"end":{"line":73,"column":23}},"loc":{"start":{"line":73,"column":70},"end":{"line":95,"column":3}}},"3":{"name":"(anonymous_4)","decl":{"start":{"line":97,"column":12},"end":{"line":97,"column":17}},"loc":{"start":{"line":97,"column":64},"end":{"line":117,"column":3}}},"4":{"name":"(anonymous_5)","decl":{"start":{"line":119,"column":8},"end":{"line":119,"column":13}},"loc":{"start":{"line":119,"column":60},"end":{"line":139,"column":3}}},"5":{"name":"(anonymous_6)","decl":{"start":{"line":141,"column":12},"end":{"line":141,"column":17}},"loc":{"start":{"line":141,"column":64},"end":{"line":169,"column":3}}},"6":{"name":"(anonymous_7)","decl":{"start":{"line":171,"column":15},"end":{"line":171,"column":20}},"loc":{"start":{"line":171,"column":67},"end":{"line":201,"column":3}}},"7":{"name":"(anonymous_8)","decl":{"start":{"line":203,"column":15},"end":{"line":203,"column":20}},"loc":{"start":{"line":203,"column":67},"end":{"line":225,"column":3}}},"8":{"name":"(anonymous_9)","decl":{"start":{"line":227,"column":14},"end":{"line":227,"column":19}},"loc":{"start":{"line":227,"column":66},"end":{"line":329,"column":3}}},"9":{"name":"(anonymous_10)","decl":{"start":{"line":245,"column":20},"end":{"line":245,"column":25}},"loc":{"start":{"line":245,"column":34},"end":{"line":265,"column":9}}},"10":{"name":"(anonymous_11)","decl":{"start":{"line":266,"column":19},"end":{"line":266,"column":24}},"loc":{"start":{"line":266,"column":30},"end":{"line":317,"column":9}}},"11":{"name":"(anonymous_12)","decl":{"start":{"line":267,"column":31},"end":{"line":267,"column":32}},"loc":{"start":{"line":267,"column":47},"end":{"line":280,"column":11}}},"12":{"name":"(anonymous_13)","decl":{"start":{"line":277,"column":49},"end":{"line":277,"column":50}},"loc":{"start":{"line":277,"column":60},"end":{"line":277,"column":73}}}},"branchMap":{"0":{"loc":{"start":{"line":24,"column":6},"end":{"line":35,"column":7}},"type":"if","locations":[{"start":{"line":24,"column":6},"end":{"line":35,"column":7}}]},"1":{"loc":{"start":{"line":37,"column":6},"end":{"line":49,"column":7}},"type":"if","locations":[{"start":{"line":37,"column":6},"end":{"line":49,"column":7}}]},"2":{"loc":{"start":{"line":66,"column":12},"end":{"line":66,"column":53}},"type":"binary-expr","locations":[{"start":{"line":66,"column":12},"end":{"line":66,"column":26}},{"start":{"line":66,"column":30},"end":{"line":66,"column":53}}]},"3":{"loc":{"start":{"line":66,"column":12},"end":{"line":66,"column":26}},"type":"cond-expr","locations":[{"start":{"line":66,"column":17},"end":{"line":66,"column":19}},{"start":{"line":66,"column":12},"end":{"line":66,"column":26}}]},"4":{"loc":{"start":{"line":66,"column":12},"end":{"line":66,"column":19}},"type":"binary-expr","locations":[{"start":{"line":66,"column":12},"end":{"line":66,"column":19}},{"start":{"line":66,"column":12},"end":{"line":66,"column":19}}]},"5":{"loc":{"start":{"line":93,"column":46},"end":{"line":93,"column":60}},"type":"cond-expr","locations":[{"start":{"line":93,"column":51},"end":{"line":93,"column":53}},{"start":{"line":93,"column":46},"end":{"line":93,"column":60}}]},"6":{"loc":{"start":{"line":93,"column":46},"end":{"line":93,"column":53}},"type":"binary-expr","locations":[{"start":{"line":93,"column":46},"end":{"line":93,"column":53}},{"start":{"line":93,"column":46},"end":{"line":93,"column":53}}]},"7":{"loc":{"start":{"line":112,"column":12},"end":{"line":112,"column":67}},"type":"binary-expr","locations":[{"start":{"line":112,"column":12},"end":{"line":112,"column":26}},{"start":{"line":112,"column":30},"end":{"line":112,"column":67}}]},"8":{"loc":{"start":{"line":112,"column":12},"end":{"line":112,"column":26}},"type":"cond-expr","locations":[{"start":{"line":112,"column":17},"end":{"line":112,"column":19}},{"start":{"line":112,"column":12},"end":{"line":112,"column":26}}]},"9":{"loc":{"start":{"line":112,"column":12},"end":{"line":112,"column":19}},"type":"binary-expr","locations":[{"start":{"line":112,"column":12},"end":{"line":112,"column":19}},{"start":{"line":112,"column":12},"end":{"line":112,"column":19}}]},"10":{"loc":{"start":{"line":134,"column":12},"end":{"line":134,"column":58}},"type":"binary-expr","locations":[{"start":{"line":134,"column":12},"end":{"line":134,"column":26}},{"start":{"line":134,"column":30},"end":{"line":134,"column":58}}]},"11":{"loc":{"start":{"line":134,"column":12},"end":{"line":134,"column":26}},"type":"cond-expr","locations":[{"start":{"line":134,"column":17},"end":{"line":134,"column":19}},{"start":{"line":134,"column":12},"end":{"line":134,"column":26}}]},"12":{"loc":{"start":{"line":134,"column":12},"end":{"line":134,"column":19}},"type":"binary-expr","locations":[{"start":{"line":134,"column":12},"end":{"line":134,"column":19}},{"start":{"line":134,"column":12},"end":{"line":134,"column":19}}]},"13":{"loc":{"start":{"line":145,"column":6},"end":{"line":147,"column":7}},"type":"if","locations":[{"start":{"line":145,"column":6},"end":{"line":147,"column":7}}]},"14":{"loc":{"start":{"line":150,"column":6},"end":{"line":154,"column":7}},"type":"if","locations":[{"start":{"line":150,"column":6},"end":{"line":154,"column":7}}]},"15":{"loc":{"start":{"line":164,"column":12},"end":{"line":164,"column":63}},"type":"binary-expr","locations":[{"start":{"line":164,"column":12},"end":{"line":164,"column":26}},{"start":{"line":164,"column":30},"end":{"line":164,"column":63}}]},"16":{"loc":{"start":{"line":164,"column":12},"end":{"line":164,"column":26}},"type":"cond-expr","locations":[{"start":{"line":164,"column":17},"end":{"line":164,"column":19}},{"start":{"line":164,"column":12},"end":{"line":164,"column":26}}]},"17":{"loc":{"start":{"line":164,"column":12},"end":{"line":164,"column":19}},"type":"binary-expr","locations":[{"start":{"line":164,"column":12},"end":{"line":164,"column":19}},{"start":{"line":164,"column":12},"end":{"line":164,"column":19}}]},"18":{"loc":{"start":{"line":175,"column":4},"end":{"line":177,"column":5}},"type":"if","locations":[{"start":{"line":175,"column":4},"end":{"line":177,"column":5}}]},"19":{"loc":{"start":{"line":180,"column":6},"end":{"line":186,"column":7}},"type":"if","locations":[{"start":{"line":180,"column":6},"end":{"line":186,"column":7}}]},"20":{"loc":{"start":{"line":196,"column":12},"end":{"line":196,"column":64}},"type":"binary-expr","locations":[{"start":{"line":196,"column":12},"end":{"line":196,"column":26}},{"start":{"line":196,"column":30},"end":{"line":196,"column":64}}]},"21":{"loc":{"start":{"line":196,"column":12},"end":{"line":196,"column":26}},"type":"cond-expr","locations":[{"start":{"line":196,"column":17},"end":{"line":196,"column":19}},{"start":{"line":196,"column":12},"end":{"line":196,"column":26}}]},"22":{"loc":{"start":{"line":196,"column":12},"end":{"line":196,"column":19}},"type":"binary-expr","locations":[{"start":{"line":196,"column":12},"end":{"line":196,"column":19}},{"start":{"line":196,"column":12},"end":{"line":196,"column":19}}]},"23":{"loc":{"start":{"line":206,"column":4},"end":{"line":208,"column":5}},"type":"if","locations":[{"start":{"line":206,"column":4},"end":{"line":208,"column":5}}]},"24":{"loc":{"start":{"line":220,"column":12},"end":{"line":220,"column":64}},"type":"binary-expr","locations":[{"start":{"line":220,"column":12},"end":{"line":220,"column":26}},{"start":{"line":220,"column":30},"end":{"line":220,"column":64}}]},"25":{"loc":{"start":{"line":220,"column":12},"end":{"line":220,"column":26}},"type":"cond-expr","locations":[{"start":{"line":220,"column":17},"end":{"line":220,"column":19}},{"start":{"line":220,"column":12},"end":{"line":220,"column":26}}]},"26":{"loc":{"start":{"line":220,"column":12},"end":{"line":220,"column":19}},"type":"binary-expr","locations":[{"start":{"line":220,"column":12},"end":{"line":220,"column":19}},{"start":{"line":220,"column":12},"end":{"line":220,"column":19}}]},"27":{"loc":{"start":{"line":230,"column":28},"end":{"line":230,"column":50}},"type":"cond-expr","locations":[{"start":{"line":230,"column":36},"end":{"line":230,"column":38}},{"start":{"line":230,"column":36},"end":{"line":230,"column":50}}]},"28":{"loc":{"start":{"line":230,"column":28},"end":{"line":230,"column":38}},"type":"binary-expr","locations":[{"start":{"line":230,"column":28},"end":{"line":230,"column":38}},{"start":{"line":230,"column":36},"end":{"line":230,"column":38}}]},"29":{"loc":{"start":{"line":231,"column":43},"end":{"line":231,"column":57}},"type":"cond-expr","locations":[{"start":{"line":231,"column":51},"end":{"line":231,"column":53}},{"start":{"line":231,"column":51},"end":{"line":231,"column":57}}]},"30":{"loc":{"start":{"line":231,"column":43},"end":{"line":231,"column":53}},"type":"binary-expr","locations":[{"start":{"line":231,"column":43},"end":{"line":231,"column":53}},{"start":{"line":231,"column":51},"end":{"line":231,"column":53}}]},"31":{"loc":{"start":{"line":232,"column":6},"end":{"line":236,"column":7}},"type":"if","locations":[{"start":{"line":232,"column":6},"end":{"line":236,"column":7}}]},"32":{"loc":{"start":{"line":271,"column":12},"end":{"line":279,"column":13}},"type":"if","locations":[{"start":{"line":271,"column":12},"end":{"line":279,"column":13}},{"start":{"line":273,"column":19},"end":{"line":279,"column":13}}]},"33":{"loc":{"start":{"line":277,"column":30},"end":{"line":277,"column":74}},"type":"cond-expr","locations":[{"start":{"line":277,"column":35},"end":{"line":277,"column":37}},{"start":{"line":277,"column":30},"end":{"line":277,"column":74}}]},"34":{"loc":{"start":{"line":277,"column":30},"end":{"line":277,"column":37}},"type":"binary-expr","locations":[{"start":{"line":277,"column":30},"end":{"line":277,"column":37}},{"start":{"line":277,"column":30},"end":{"line":277,"column":37}}]},"35":{"loc":{"start":{"line":324,"column":12},"end":{"line":324,"column":59}},"type":"binary-expr","locations":[{"start":{"line":324,"column":12},"end":{"line":324,"column":26}},{"start":{"line":324,"column":30},"end":{"line":324,"column":59}}]},"36":{"loc":{"start":{"line":324,"column":12},"end":{"line":324,"column":26}},"type":"cond-expr","locations":[{"start":{"line":324,"column":17},"end":{"line":324,"column":19}},{"start":{"line":324,"column":12},"end":{"line":324,"column":26}}]},"37":{"loc":{"start":{"line":324,"column":12},"end":{"line":324,"column":19}},"type":"binary-expr","locations":[{"start":{"line":324,"column":12},"end":{"line":324,"column":19}},{"start":{"line":324,"column":12},"end":{"line":324,"column":19}}]}},"s":{"0":3,"1":3,"2":3,"3":3,"4":3,"5":3,"6":3,"7":3,"8":3,"9":4,"10":4,"11":4,"12":4,"13":4,"14":4,"15":2,"16":1,"17":2,"18":1,"19":1,"20":1,"21":1,"22":1,"23":1,"24":1,"25":3,"26":2,"27":2,"28":2,"29":2,"30":2,"31":2,"32":2,"33":1,"34":1,"35":1,"36":1,"37":3,"38":2,"39":2,"40":2,"41":1,"42":1,"43":1,"44":3,"45":2,"46":2,"47":2,"48":2,"49":1,"50":1,"51":1,"52":3,"53":2,"54":2,"55":2,"56":2,"57":0,"58":2,"59":1,"60":1,"61":0,"62":0,"63":1,"64":1,"65":3,"66":2,"67":2,"68":2,"69":2,"70":0,"71":2,"72":2,"73":1,"74":1,"75":0,"76":1,"77":1,"78":3,"79":2,"80":2,"81":2,"82":0,"83":2,"84":2,"85":1,"86":1,"87":1,"88":3,"89":2,"90":2,"91":2,"92":2,"93":2,"94":1,"95":1,"96":1,"97":1,"98":1,"99":1,"100":1,"101":2,"102":1,"103":2,"104":2,"105":0,"106":2,"107":3,"108":1,"109":1,"110":0,"111":0,"112":0,"113":1,"114":1,"115":1,"116":1,"117":1,"118":1,"119":1,"120":1,"121":1,"122":1,"123":0,"124":0,"125":3},"f":{"0":3,"1":4,"2":2,"3":2,"4":2,"5":2,"6":2,"7":2,"8":2,"9":2,"10":1,"11":2,"12":3},"b":{"0":[2],"1":[1],"2":[1,0],"3":[0,1],"4":[1,1],"5":[0,1],"6":[1,1],"7":[1,0],"8":[0,1],"9":[1,1],"10":[1,0],"11":[0,1],"12":[1,1],"13":[0],"14":[1],"15":[1,0],"16":[0,1],"17":[1,1],"18":[0],"19":[1],"20":[1,0],"21":[0,1],"22":[1,1],"23":[0],"24":[1,0],"25":[0,1],"26":[1,1],"27":[1,1],"28":[2,2],"29":[1,1],"30":[2,2],"31":[1],"32":[0,2],"33":[0,2],"34":[2,2],"35":[0,0],"36":[0,0],"37":[0,0]}}
,"/home/munendra.kushwaha/WORKSPACE/events-backend/src/modules/events/index.ts": {"path":"/home/munendra.kushwaha/WORKSPACE/events-backend/src/modules/events/index.ts","statementMap":{"0":{"start":{"line":1,"column":0},"end":{"line":1,"column":7}},"1":{"start":{"line":5,"column":9},"end":{"line":1,"column":38}},"2":{"start":{"line":2,"column":0},"end":{"line":2,"column":7}},"3":{"start":{"line":5,"column":21},"end":{"line":2,"column":29}},"4":{"start":{"line":3,"column":0},"end":{"line":3,"column":7}},"5":{"start":{"line":5,"column":29},"end":{"line":3,"column":32}}},"fnMap":{},"branchMap":{},"s":{"0":3,"1":3,"2":3,"3":3,"4":3,"5":3},"f":{},"b":{}}
,"/home/munendra.kushwaha/WORKSPACE/events-backend/src/modules/events/joiSchema.ts": {"path":"/home/munendra.kushwaha/WORKSPACE/events-backend/src/modules/events/joiSchema.ts","statementMap":{"0":{"start":{"line":1,"column":0},"end":{"line":1,"column":22}},"1":{"start":{"line":4,"column":11},"end":{"line":20,"column":7}},"2":{"start":{"line":4,"column":53},"end":{"line":20,"column":6}},"3":{"start":{"line":22,"column":0},"end":{"line":22,"column":25}}},"fnMap":{"0":{"name":"(anonymous_1)","decl":{"start":{"line":4,"column":24},"end":{"line":4,"column":50}},"loc":{"start":{"line":4,"column":53},"end":{"line":20,"column":6}}}},"branchMap":{},"s":{"0":3,"1":3,"2":2,"3":3},"f":{"0":2},"b":{}}
,"/home/munendra.kushwaha/WORKSPACE/events-backend/src/modules/events/route.ts": {"path":"/home/munendra.kushwaha/WORKSPACE/events-backend/src/modules/events/route.ts","statementMap":{"0":{"start":{"line":1,"column":0},"end":{"line":1,"column":33}},"1":{"start":{"line":2,"column":0},"end":{"line":2,"column":45}},"2":{"start":{"line":3,"column":0},"end":{"line":3,"column":31}},"3":{"start":{"line":4,"column":0},"end":{"line":4,"column":53}},"4":{"start":{"line":5,"column":23},"end":{"line":5,"column":51}},"5":{"start":{"line":6,"column":23},"end":{"line":6,"column":31}},"6":{"start":{"line":75,"column":0},"end":{"line":75,"column":77}},"7":{"start":{"line":92,"column":0},"end":{"line":94,"column":59}},"8":{"start":{"line":134,"column":0},"end":{"line":134,"column":73}},"9":{"start":{"line":161,"column":0},"end":{"line":163,"column":59}},"10":{"start":{"line":242,"column":0},"end":{"line":244,"column":62}},"11":{"start":{"line":271,"column":0},"end":{"line":273,"column":65}},"12":{"start":{"line":313,"column":0},"end":{"line":315,"column":65}},"13":{"start":{"line":343,"column":0},"end":{"line":349,"column":4}},"14":{"start":{"line":351,"column":0},"end":{"line":351,"column":22}}},"fnMap":{},"branchMap":{},"s":{"0":3,"1":3,"2":3,"3":3,"4":3,"5":3,"6":3,"7":3,"8":3,"9":3,"10":3,"11":3,"12":3,"13":3,"14":3},"f":{},"b":{}}
,"/home/munendra.kushwaha/WORKSPACE/events-backend/src/modules/events/service.ts": {"path":"/home/munendra.kushwaha/WORKSPACE/events-backend/src/modules/events/service.ts","statementMap":{"0":{"start":{"line":2,"column":0},"end":{"line":2,"column":42}},"1":{"start":{"line":3,"column":0},"end":{"line":3,"column":40}},"2":{"start":{"line":6,"column":2},"end":{"line":14,"column":4}},"3":{"start":{"line":11,"column":4},"end":{"line":11,"column":42}},"4":{"start":{"line":12,"column":19},"end":{"line":12,"column":54}},"5":{"start":{"line":13,"column":4},"end":{"line":13,"column":56}},"6":{"start":{"line":15,"column":2},"end":{"line":22,"column":4}},"7":{"start":{"line":20,"column":4},"end":{"line":20,"column":49}},"8":{"start":{"line":21,"column":4},"end":{"line":21,"column":65}},"9":{"start":{"line":24,"column":2},"end":{"line":27,"column":4}},"10":{"start":{"line":25,"column":4},"end":{"line":25,"column":43}},"11":{"start":{"line":26,"column":4},"end":{"line":26,"column":38}},"12":{"start":{"line":30,"column":4},"end":{"line":30,"column":46}},"13":{"start":{"line":31,"column":4},"end":{"line":31,"column":46}},"14":{"start":{"line":35,"column":4},"end":{"line":35,"column":44}},"15":{"start":{"line":36,"column":4},"end":{"line":36,"column":50}},"16":{"start":{"line":40,"column":4},"end":{"line":40,"column":46}},"17":{"start":{"line":41,"column":4},"end":{"line":41,"column":58}},"18":{"start":{"line":45,"column":4},"end":{"line":45,"column":44}},"19":{"start":{"line":46,"column":36},"end":{"line":46,"column":43}},"20":{"start":{"line":47,"column":4},"end":{"line":47,"column":48}},"21":{"start":{"line":51,"column":4},"end":{"line":51,"column":46}},"22":{"start":{"line":52,"column":4},"end":{"line":52,"column":62}},"23":{"start":{"line":56,"column":4},"end":{"line":56,"column":46}},"24":{"start":{"line":57,"column":4},"end":{"line":57,"column":48}},"25":{"start":{"line":61,"column":4},"end":{"line":61,"column":45}},"26":{"start":{"line":62,"column":4},"end":{"line":62,"column":38}},"27":{"start":{"line":65,"column":4},"end":{"line":65,"column":44}},"28":{"start":{"line":66,"column":4},"end":{"line":66,"column":42}},"29":{"start":{"line":69,"column":4},"end":{"line":69,"column":null}},"30":{"start":{"line":70,"column":4},"end":{"line":70,"column":39}},"31":{"start":{"line":73,"column":0},"end":{"line":73,"column":29}}},"fnMap":{"0":{"name":"(anonymous_1)","decl":{"start":{"line":5,"column":0},"end":{"line":5,"column":6}},"loc":{"start":{"line":5,"column":0},"end":{"line":72,"column":1}}},"1":{"name":"(anonymous_2)","decl":{"start":{"line":6,"column":11},"end":{"line":6,"column":16}},"loc":{"start":{"line":10,"column":20},"end":{"line":14,"column":3}}},"2":{"name":"(anonymous_3)","decl":{"start":{"line":15,"column":18},"end":{"line":15,"column":23}},"loc":{"start":{"line":19,"column":20},"end":{"line":22,"column":3}}},"3":{"name":"(anonymous_4)","decl":{"start":{"line":24,"column":12},"end":{"line":24,"column":17}},"loc":{"start":{"line":24,"column":37},"end":{"line":27,"column":3}}},"4":{"name":"(anonymous_5)","decl":{"start":{"line":29,"column":2},"end":{"line":29,"column":7}},"loc":{"start":{"line":29,"column":29},"end":{"line":32,"column":3}}},"5":{"name":"(anonymous_6)","decl":{"start":{"line":34,"column":2},"end":{"line":34,"column":7}},"loc":{"start":{"line":34,"column":44},"end":{"line":37,"column":3}}},"6":{"name":"(anonymous_7)","decl":{"start":{"line":39,"column":2},"end":{"line":39,"column":7}},"loc":{"start":{"line":39,"column":60},"end":{"line":42,"column":3}}},"7":{"name":"(anonymous_8)","decl":{"start":{"line":44,"column":2},"end":{"line":44,"column":7}},"loc":{"start":{"line":44,"column":28},"end":{"line":48,"column":3}}},"8":{"name":"(anonymous_9)","decl":{"start":{"line":50,"column":2},"end":{"line":50,"column":7}},"loc":{"start":{"line":50,"column":56},"end":{"line":53,"column":3}}},"9":{"name":"(anonymous_10)","decl":{"start":{"line":55,"column":2},"end":{"line":55,"column":7}},"loc":{"start":{"line":55,"column":34},"end":{"line":58,"column":3}}},"10":{"name":"(anonymous_11)","decl":{"start":{"line":60,"column":2},"end":{"line":60,"column":7}},"loc":{"start":{"line":60,"column":32},"end":{"line":63,"column":3}}},"11":{"name":"(anonymous_12)","decl":{"start":{"line":64,"column":2},"end":{"line":64,"column":7}},"loc":{"start":{"line":64,"column":31},"end":{"line":67,"column":3}}},"12":{"name":"(anonymous_13)","decl":{"start":{"line":68,"column":2},"end":{"line":68,"column":7}},"loc":{"start":{"line":68,"column":27},"end":{"line":71,"column":3}}}},"branchMap":{},"s":{"0":3,"1":3,"2":3,"3":1,"4":1,"5":1,"6":3,"7":2,"8":2,"9":3,"10":2,"11":2,"12":2,"13":2,"14":2,"15":2,"16":1,"17":1,"18":2,"19":2,"20":2,"21":2,"22":2,"23":2,"24":2,"25":0,"26":0,"27":1,"28":1,"29":1,"30":1,"31":3},"f":{"0":3,"1":1,"2":2,"3":2,"4":2,"5":2,"6":1,"7":2,"8":2,"9":2,"10":0,"11":1,"12":1},"b":{}}
,"/home/munendra.kushwaha/WORKSPACE/events-backend/src/modules/events/repository/index.ts": {"path":"/home/munendra.kushwaha/WORKSPACE/events-backend/src/modules/events/repository/index.ts","statementMap":{"0":{"start":{"line":1,"column":0},"end":{"line":1,"column":7}},"1":{"start":{"line":5,"column":9},"end":{"line":1,"column":33}},"2":{"start":{"line":2,"column":0},"end":{"line":2,"column":7}},"3":{"start":{"line":5,"column":21},"end":{"line":2,"column":35}},"4":{"start":{"line":3,"column":0},"end":{"line":3,"column":7}},"5":{"start":{"line":5,"column":34},"end":{"line":3,"column":38}}},"fnMap":{},"branchMap":{},"s":{"0":3,"1":3,"2":3,"3":3,"4":3,"5":3},"f":{},"b":{}}
,"/home/munendra.kushwaha/WORKSPACE/events-backend/src/modules/events/repository/model.ts": {"path":"/home/munendra.kushwaha/WORKSPACE/events-backend/src/modules/events/repository/model.ts","statementMap":{"0":{"start":{"line":1,"column":0},"end":{"line":1,"column":48}},"1":{"start":{"line":3,"column":0},"end":{"line":3,"column":35}},"2":{"start":{"line":5,"column":34},"end":{"line":5,"column":79}},"3":{"start":{"line":7,"column":0},"end":{"line":7,"column":26}}},"fnMap":{},"branchMap":{},"s":{"0":3,"1":3,"2":3,"3":3},"f":{},"b":{}}
,"/home/munendra.kushwaha/WORKSPACE/events-backend/src/modules/events/repository/repository.ts": {"path":"/home/munendra.kushwaha/WORKSPACE/events-backend/src/modules/events/repository/repository.ts","statementMap":{"0":{"start":{"line":3,"column":0},"end":{"line":3,"column":33}},"1":{"start":{"line":4,"column":0},"end":{"line":4,"column":62}},"2":{"start":{"line":5,"column":0},"end":{"line":5,"column":48}},"3":{"start":{"line":6,"column":0},"end":{"line":6,"column":58}},"4":{"start":{"line":9,"column":0},"end":{"line":9,"column":43}},"5":{"start":{"line":18,"column":4},"end":{"line":18,"column":22}},"6":{"start":{"line":19,"column":4},"end":{"line":19,"column":33}},"7":{"start":{"line":20,"column":4},"end":{"line":20,"column":41}},"8":{"start":{"line":21,"column":4},"end":{"line":21,"column":31}},"9":{"start":{"line":29,"column":4},"end":{"line":29,"column":45}},"10":{"start":{"line":30,"column":23},"end":{"line":30,"column":74}},"11":{"start":{"line":31,"column":17},"end":{"line":31,"column":75}},"12":{"start":{"line":32,"column":4},"end":{"line":32,"column":32}},"13":{"start":{"line":35,"column":4},"end":{"line":35,"column":52}},"14":{"start":{"line":36,"column":4},"end":{"line":36,"column":75}},"15":{"start":{"line":40,"column":4},"end":{"line":40,"column":46}},"16":{"start":{"line":41,"column":4},"end":{"line":41,"column":34}},"17":{"start":{"line":45,"column":4},"end":{"line":45,"column":47}},"18":{"start":{"line":46,"column":23},"end":{"line":46,"column":61}},"19":{"start":{"line":47,"column":17},"end":{"line":51,"column":56}},"20":{"start":{"line":52,"column":4},"end":{"line":52,"column":32}},"21":{"start":{"line":56,"column":4},"end":{"line":68,"column":5}},"22":{"start":{"line":57,"column":6},"end":{"line":57,"column":51}},"23":{"start":{"line":58,"column":25},"end":{"line":60,"column":25}},"24":{"start":{"line":61,"column":19},"end":{"line":64,"column":19}},"25":{"start":{"line":65,"column":6},"end":{"line":65,"column":34}},"26":{"start":{"line":67,"column":6},"end":{"line":67,"column":52}},"27":{"start":{"line":72,"column":4},"end":{"line":72,"column":49}},"28":{"start":{"line":73,"column":4},"end":{"line":75,"column":7}},"29":{"start":{"line":79,"column":4},"end":{"line":79,"column":49}},"30":{"start":{"line":80,"column":4},"end":{"line":80,"column":61}},"31":{"start":{"line":84,"column":4},"end":{"line":84,"column":48}},"32":{"start":{"line":85,"column":4},"end":{"line":85,"column":64}},"33":{"start":{"line":88,"column":4},"end":{"line":88,"column":47}},"34":{"start":{"line":89,"column":4},"end":{"line":89,"column":53}},"35":{"start":{"line":93,"column":4},"end":{"line":93,"column":49}},"36":{"start":{"line":94,"column":4},"end":{"line":94,"column":39}},"37":{"start":{"line":98,"column":0},"end":{"line":98,"column":32}}},"fnMap":{"0":{"name":"(anonymous_1)","decl":{"start":{"line":17,"column":2},"end":{"line":17,"column":null}},"loc":{"start":{"line":17,"column":2},"end":{"line":22,"column":3}}},"1":{"name":"(anonymous_2)","decl":{"start":{"line":24,"column":2},"end":{"line":24,"column":7}},"loc":{"start":{"line":27,"column":16},"end":{"line":33,"column":3}}},"2":{"name":"(anonymous_3)","decl":{"start":{"line":34,"column":2},"end":{"line":34,"column":7}},"loc":{"start":{"line":34,"column":67},"end":{"line":37,"column":3}}},"3":{"name":"(anonymous_4)","decl":{"start":{"line":39,"column":2},"end":{"line":39,"column":7}},"loc":{"start":{"line":39,"column":15},"end":{"line":42,"column":3}}},"4":{"name":"(anonymous_5)","decl":{"start":{"line":44,"column":2},"end":{"line":44,"column":7}},"loc":{"start":{"line":44,"column":44},"end":{"line":53,"column":3}}},"5":{"name":"(anonymous_6)","decl":{"start":{"line":55,"column":2},"end":{"line":55,"column":7}},"loc":{"start":{"line":55,"column":60},"end":{"line":69,"column":3}}},"6":{"name":"(anonymous_7)","decl":{"start":{"line":71,"column":2},"end":{"line":71,"column":7}},"loc":{"start":{"line":71,"column":56},"end":{"line":76,"column":3}}},"7":{"name":"(anonymous_8)","decl":{"start":{"line":78,"column":2},"end":{"line":78,"column":7}},"loc":{"start":{"line":78,"column":34},"end":{"line":81,"column":3}}},"8":{"name":"(anonymous_9)","decl":{"start":{"line":83,"column":2},"end":{"line":83,"column":7}},"loc":{"start":{"line":83,"column":27},"end":{"line":86,"column":3}}},"9":{"name":"(anonymous_10)","decl":{"start":{"line":87,"column":2},"end":{"line":87,"column":7}},"loc":{"start":{"line":87,"column":38},"end":{"line":90,"column":3}}},"10":{"name":"(anonymous_11)","decl":{"start":{"line":92,"column":2},"end":{"line":92,"column":7}},"loc":{"start":{"line":92,"column":28},"end":{"line":95,"column":3}}}},"branchMap":{},"s":{"0":3,"1":3,"2":3,"3":3,"4":3,"5":3,"6":3,"7":3,"8":3,"9":1,"10":1,"11":1,"12":1,"13":2,"14":2,"15":2,"16":2,"17":2,"18":2,"19":1,"20":1,"21":1,"22":1,"23":1,"24":1,"25":1,"26":0,"27":2,"28":2,"29":2,"30":2,"31":0,"32":0,"33":1,"34":1,"35":1,"36":1,"37":3},"f":{"0":3,"1":1,"2":2,"3":2,"4":2,"5":1,"6":2,"7":2,"8":0,"9":1,"10":1},"b":{}}
,"/home/munendra.kushwaha/WORKSPACE/events-backend/src/modules/events/repository/schema.ts": {"path":"/home/munendra.kushwaha/WORKSPACE/events-backend/src/modules/events/repository/schema.ts","statementMap":{"0":{"start":{"line":1,"column":0},"end":{"line":1,"column":34}},"1":{"start":{"line":4,"column":30},"end":{"line":10,"column":2}},"2":{"start":{"line":12,"column":28},"end":{"line":24,"column":null}},"3":{"start":{"line":27,"column":0},"end":{"line":27,"column":27}}},"fnMap":{},"branchMap":{},"s":{"0":3,"1":3,"2":3,"3":3},"f":{},"b":{}}
,"/home/munendra.kushwaha/WORKSPACE/events-backend/src/modules/events/repositoryBulk/model.ts": {"path":"/home/munendra.kushwaha/WORKSPACE/events-backend/src/modules/events/repositoryBulk/model.ts","statementMap":{"0":{"start":{"line":1,"column":0},"end":{"line":1,"column":48}},"1":{"start":{"line":2,"column":0},"end":{"line":2,"column":34}},"2":{"start":{"line":5,"column":36},"end":{"line":7,"column":null}},"3":{"start":{"line":9,"column":0},"end":{"line":9,"column":25}}},"fnMap":{},"branchMap":{},"s":{"0":3,"1":3,"2":3,"3":3},"f":{},"b":{}}
,"/home/munendra.kushwaha/WORKSPACE/events-backend/src/modules/events/repositoryBulk/modelError.ts": {"path":"/home/munendra.kushwaha/WORKSPACE/events-backend/src/modules/events/repositoryBulk/modelError.ts","statementMap":{"0":{"start":{"line":1,"column":0},"end":{"line":1,"column":48}},"1":{"start":{"line":2,"column":0},"end":{"line":2,"column":44}},"2":{"start":{"line":5,"column":42},"end":{"line":7,"column":null}},"3":{"start":{"line":10,"column":0},"end":{"line":10,"column":30}}},"fnMap":{},"branchMap":{},"s":{"0":3,"1":3,"2":3,"3":3},"f":{},"b":{}}
,"/home/munendra.kushwaha/WORKSPACE/events-backend/src/modules/events/repositoryBulk/schema.ts": {"path":"/home/munendra.kushwaha/WORKSPACE/events-backend/src/modules/events/repositoryBulk/schema.ts","statementMap":{"0":{"start":{"line":1,"column":0},"end":{"line":1,"column":34}},"1":{"start":{"line":4,"column":27},"end":{"line":16,"column":null}},"2":{"start":{"line":19,"column":0},"end":{"line":19,"column":26}}},"fnMap":{},"branchMap":{},"s":{"0":3,"1":3,"2":3},"f":{},"b":{}}
,"/home/munendra.kushwaha/WORKSPACE/events-backend/src/modules/events/repositoryBulk/schemaError.ts": {"path":"/home/munendra.kushwaha/WORKSPACE/events-backend/src/modules/events/repositoryBulk/schemaError.ts","statementMap":{"0":{"start":{"line":1,"column":0},"end":{"line":1,"column":34}},"1":{"start":{"line":4,"column":32},"end":{"line":8,"column":2}},"2":{"start":{"line":10,"column":0},"end":{"line":10,"column":31}}},"fnMap":{},"branchMap":{},"s":{"0":3,"1":3,"2":3},"f":{},"b":{}}
,"/home/munendra.kushwaha/WORKSPACE/events-backend/src/modules/users/controller.ts": {"path":"/home/munendra.kushwaha/WORKSPACE/events-backend/src/modules/users/controller.ts","statementMap":{"0":{"start":{"line":2,"column":0},"end":{"line":2,"column":28}},"1":{"start":{"line":4,"column":0},"end":{"line":4,"column":40}},"2":{"start":{"line":6,"column":9},"end":{"line":6,"column":17}},"3":{"start":{"line":7,"column":4},"end":{"line":25,"column":5}},"4":{"start":{"line":8,"column":6},"end":{"line":8,"column":45}},"5":{"start":{"line":9,"column":32},"end":{"line":9,"column":40}},"6":{"start":{"line":10,"column":6},"end":{"line":12,"column":7}},"7":{"start":{"line":11,"column":8},"end":{"line":11,"column":65}},"8":{"start":{"line":13,"column":35},"end":{"line":13,"column":65}},"9":{"start":{"line":15,"column":6},"end":{"line":20,"column":7}},"10":{"start":{"line":16,"column":30},"end":{"line":16,"column":62}},"11":{"start":{"line":17,"column":8},"end":{"line":19,"column":65}},"12":{"start":{"line":21,"column":6},"end":{"line":21,"column":70}},"13":{"start":{"line":23,"column":6},"end":{"line":23,"column":62}},"14":{"start":{"line":24,"column":6},"end":{"line":24,"column":70}},"15":{"start":{"line":28,"column":9},"end":{"line":28,"column":20}},"16":{"start":{"line":29,"column":4},"end":{"line":39,"column":5}},"17":{"start":{"line":30,"column":6},"end":{"line":30,"column":48}},"18":{"start":{"line":31,"column":34},"end":{"line":31,"column":42}},"19":{"start":{"line":32,"column":28},"end":{"line":32,"column":64}},"20":{"start":{"line":33,"column":6},"end":{"line":34,"column":71}},"21":{"start":{"line":34,"column":8},"end":{"line":34,"column":71}},"22":{"start":{"line":35,"column":6},"end":{"line":35,"column":74}},"23":{"start":{"line":37,"column":6},"end":{"line":37,"column":49}},"24":{"start":{"line":38,"column":6},"end":{"line":38,"column":62}},"25":{"start":{"line":5,"column":21},"end":{"line":5,"column":null}}},"fnMap":{"0":{"name":"(anonymous_1)","decl":{"start":{"line":6,"column":17},"end":{"line":6,"column":22}},"loc":{"start":{"line":6,"column":69},"end":{"line":26,"column":null}}},"1":{"name":"(anonymous_2)","decl":{"start":{"line":28,"column":20},"end":{"line":28,"column":25}},"loc":{"start":{"line":28,"column":72},"end":{"line":40,"column":null}}}},"branchMap":{"0":{"loc":{"start":{"line":10,"column":6},"end":{"line":12,"column":7}},"type":"if","locations":[{"start":{"line":10,"column":6},"end":{"line":12,"column":7}}]},"1":{"loc":{"start":{"line":10,"column":9},"end":{"line":10,"column":48}},"type":"binary-expr","locations":[{"start":{"line":10,"column":9},"end":{"line":10,"column":25}},{"start":{"line":10,"column":29},"end":{"line":10,"column":48}}]},"2":{"loc":{"start":{"line":15,"column":6},"end":{"line":20,"column":7}},"type":"if","locations":[{"start":{"line":15,"column":6},"end":{"line":20,"column":7}}]},"3":{"loc":{"start":{"line":33,"column":6},"end":{"line":34,"column":71}},"type":"if","locations":[{"start":{"line":33,"column":6},"end":{"line":34,"column":71}}]}},"s":{"0":3,"1":3,"2":3,"3":9,"4":9,"5":9,"6":9,"7":0,"8":9,"9":6,"10":6,"11":6,"12":0,"13":3,"14":3,"15":3,"16":12,"17":12,"18":12,"19":12,"20":6,"21":3,"22":3,"23":6,"24":6,"25":3},"f":{"0":9,"1":12},"b":{"0":[0],"1":[9,9],"2":[6],"3":[3]}}
,"/home/munendra.kushwaha/WORKSPACE/events-backend/src/modules/users/index.ts": {"path":"/home/munendra.kushwaha/WORKSPACE/events-backend/src/modules/users/index.ts","statementMap":{"0":{"start":{"line":1,"column":0},"end":{"line":1,"column":7}},"1":{"start":{"line":5,"column":9},"end":{"line":1,"column":29}},"2":{"start":{"line":2,"column":0},"end":{"line":2,"column":7}},"3":{"start":{"line":5,"column":17},"end":{"line":2,"column":38}},"4":{"start":{"line":3,"column":0},"end":{"line":3,"column":7}},"5":{"start":{"line":5,"column":29},"end":{"line":3,"column":32}}},"fnMap":{},"branchMap":{},"s":{"0":3,"1":3,"2":3,"3":3,"4":3,"5":3},"f":{},"b":{}}
,"/home/munendra.kushwaha/WORKSPACE/events-backend/src/modules/users/route.ts": {"path":"/home/munendra.kushwaha/WORKSPACE/events-backend/src/modules/users/route.ts","statementMap":{"0":{"start":{"line":1,"column":0},"end":{"line":1,"column":33}},"1":{"start":{"line":2,"column":0},"end":{"line":2,"column":46}},"2":{"start":{"line":3,"column":0},"end":{"line":3,"column":58}},"3":{"start":{"line":5,"column":23},"end":{"line":5,"column":31}},"4":{"start":{"line":33,"column":0},"end":{"line":35,"column":65}},"5":{"start":{"line":75,"column":0},"end":{"line":77,"column":60}},"6":{"start":{"line":79,"column":0},"end":{"line":79,"column":22}}},"fnMap":{},"branchMap":{},"s":{"0":3,"1":3,"2":3,"3":3,"4":3,"5":3,"6":3},"f":{},"b":{}}
,"/home/munendra.kushwaha/WORKSPACE/events-backend/src/modules/users/service.ts": {"path":"/home/munendra.kushwaha/WORKSPACE/events-backend/src/modules/users/service.ts","statementMap":{"0":{"start":{"line":1,"column":0},"end":{"line":1,"column":31}},"1":{"start":{"line":2,"column":0},"end":{"line":2,"column":28}},"2":{"start":{"line":3,"column":0},"end":{"line":3,"column":42}},"3":{"start":{"line":5,"column":0},"end":{"line":5,"column":40}},"4":{"start":{"line":6,"column":0},"end":{"line":6,"column":40}},"5":{"start":{"line":9,"column":19},"end":{"line":9,"column":54}},"6":{"start":{"line":12,"column":4},"end":{"line":12,"column":48}},"7":{"start":{"line":13,"column":26},"end":{"line":15,"column":6}},"8":{"start":{"line":16,"column":4},"end":{"line":16,"column":17}},"9":{"start":{"line":20,"column":4},"end":{"line":20,"column":40}},"10":{"start":{"line":21,"column":32},"end":{"line":21,"column":41}},"11":{"start":{"line":22,"column":38},"end":{"line":22,"column":47}},"12":{"start":{"line":23,"column":22},"end":{"line":23,"column":58}},"13":{"start":{"line":25,"column":4},"end":{"line":28,"column":5}},"14":{"start":{"line":26,"column":21},"end":{"line":26,"column":69}},"15":{"start":{"line":27,"column":6},"end":{"line":27,"column":20}},"16":{"start":{"line":29,"column":4},"end":{"line":29,"column":17}},"17":{"start":{"line":33,"column":4},"end":{"line":33,"column":43}},"18":{"start":{"line":34,"column":4},"end":{"line":34,"column":46}},"19":{"start":{"line":37,"column":0},"end":{"line":37,"column":29}}},"fnMap":{"0":{"name":"(anonymous_1)","decl":{"start":{"line":8,"column":0},"end":{"line":8,"column":6}},"loc":{"start":{"line":8,"column":0},"end":{"line":36,"column":1}}},"1":{"name":"(anonymous_2)","decl":{"start":{"line":11,"column":2},"end":{"line":11,"column":15}},"loc":{"start":{"line":11,"column":33},"end":{"line":17,"column":3}}},"2":{"name":"(anonymous_3)","decl":{"start":{"line":19,"column":2},"end":{"line":19,"column":7}},"loc":{"start":{"line":19,"column":31},"end":{"line":30,"column":3}}},"3":{"name":"(anonymous_4)","decl":{"start":{"line":32,"column":2},"end":{"line":32,"column":7}},"loc":{"start":{"line":32,"column":31},"end":{"line":35,"column":3}}}},"branchMap":{"0":{"loc":{"start":{"line":25,"column":4},"end":{"line":28,"column":5}},"type":"if","locations":[{"start":{"line":25,"column":4},"end":{"line":28,"column":5}}]}},"s":{"0":3,"1":3,"2":3,"3":3,"4":3,"5":3,"6":6,"7":6,"8":6,"9":9,"10":9,"11":9,"12":9,"13":6,"14":6,"15":6,"16":0,"17":12,"18":12,"19":3},"f":{"0":3,"1":6,"2":9,"3":12},"b":{"0":[6]}}
,"/home/munendra.kushwaha/WORKSPACE/events-backend/src/modules/users/middleware/authenticate.ts": {"path":"/home/munendra.kushwaha/WORKSPACE/events-backend/src/modules/users/middleware/authenticate.ts","statementMap":{"0":{"start":{"line":2,"column":0},"end":{"line":2,"column":54}},"1":{"start":{"line":3,"column":0},"end":{"line":3,"column":43}},"2":{"start":{"line":4,"column":0},"end":{"line":4,"column":43}},"3":{"start":{"line":5,"column":0},"end":{"line":5,"column":74}},"4":{"start":{"line":8,"column":19},"end":{"line":8,"column":54}},"5":{"start":{"line":10,"column":2},"end":{"line":25,"column":4}},"6":{"start":{"line":11,"column":4},"end":{"line":11,"column":37}},"7":{"start":{"line":12,"column":4},"end":{"line":24,"column":5}},"8":{"start":{"line":13,"column":25},"end":{"line":13,"column":52}},"9":{"start":{"line":14,"column":6},"end":{"line":18,"column":7}},"10":{"start":{"line":15,"column":8},"end":{"line":17,"column":64}},"11":{"start":{"line":19,"column":6},"end":{"line":19,"column":13}},"12":{"start":{"line":21,"column":6},"end":{"line":23,"column":72}},"13":{"start":{"line":27,"column":9},"end":{"line":56,"column":4}},"14":{"start":{"line":32,"column":4},"end":{"line":32,"column":49}},"15":{"start":{"line":33,"column":23},"end":{"line":33,"column":50}},"16":{"start":{"line":35,"column":4},"end":{"line":38,"column":5}},"17":{"start":{"line":36,"column":6},"end":{"line":36,"column":13}},"18":{"start":{"line":37,"column":6},"end":{"line":37,"column":13}},"19":{"start":{"line":39,"column":4},"end":{"line":55,"column":5}},"20":{"start":{"line":40,"column":47},"end":{"line":42,"column":null}},"21":{"start":{"line":44,"column":6},"end":{"line":48,"column":9}},"22":{"start":{"line":50,"column":6},"end":{"line":53,"column":7}},"23":{"start":{"line":51,"column":8},"end":{"line":51,"column":15}},"24":{"start":{"line":52,"column":8},"end":{"line":52,"column":15}},"25":{"start":{"line":54,"column":6},"end":{"line":54,"column":54}},"26":{"start":{"line":59,"column":0},"end":{"line":59,"column":36}}},"fnMap":{"0":{"name":"(anonymous_7)","decl":{"start":{"line":7,"column":0},"end":{"line":7,"column":6}},"loc":{"start":{"line":7,"column":0},"end":{"line":57,"column":1}}},"1":{"name":"(anonymous_8)","decl":{"start":{"line":10,"column":20},"end":{"line":10,"column":21}},"loc":{"start":{"line":10,"column":77},"end":{"line":25,"column":3}}},"2":{"name":"(anonymous_9)","decl":{"start":{"line":27,"column":24},"end":{"line":27,"column":null}},"loc":{"start":{"line":31,"column":54},"end":{"line":56,"column":3}}}},"branchMap":{"0":{"loc":{"start":{"line":14,"column":6},"end":{"line":18,"column":7}},"type":"if","locations":[{"start":{"line":14,"column":6},"end":{"line":18,"column":7}}]},"1":{"loc":{"start":{"line":35,"column":4},"end":{"line":38,"column":5}},"type":"if","locations":[{"start":{"line":35,"column":4},"end":{"line":38,"column":5}}]},"2":{"loc":{"start":{"line":50,"column":6},"end":{"line":53,"column":7}},"type":"if","locations":[{"start":{"line":50,"column":6},"end":{"line":53,"column":7}}]}},"s":{"0":3,"1":3,"2":3,"3":3,"4":3,"5":3,"6":18,"7":18,"8":18,"9":18,"10":0,"11":18,"12":0,"13":3,"14":12,"15":12,"16":12,"17":6,"18":6,"19":6,"20":6,"21":0,"22":6,"23":3,"24":3,"25":3,"26":3},"f":{"0":3,"1":18,"2":12},"b":{"0":[0],"1":[6],"2":[3]}}
,"/home/munendra.kushwaha/WORKSPACE/events-backend/src/modules/users/middleware/index.ts": {"path":"/home/munendra.kushwaha/WORKSPACE/events-backend/src/modules/users/middleware/index.ts","statementMap":{"0":{"start":{"line":1,"column":0},"end":{"line":1,"column":7}},"1":{"start":{"line":4,"column":9},"end":{"line":1,"column":44}},"2":{"start":{"line":2,"column":0},"end":{"line":2,"column":7}},"3":{"start":{"line":4,"column":25},"end":{"line":2,"column":36}}},"fnMap":{},"branchMap":{},"s":{"0":3,"1":3,"2":3,"3":3},"f":{},"b":{}}
,"/home/munendra.kushwaha/WORKSPACE/events-backend/src/modules/users/middleware/validate.ts": {"path":"/home/munendra.kushwaha/WORKSPACE/events-backend/src/modules/users/middleware/validate.ts","statementMap":{"0":{"start":{"line":2,"column":0},"end":{"line":2,"column":44}},"1":{"start":{"line":3,"column":0},"end":{"line":3,"column":43}},"2":{"start":{"line":6,"column":9},"end":{"line":17,"column":4}},"3":{"start":{"line":7,"column":4},"end":{"line":14,"column":5}},"4":{"start":{"line":8,"column":6},"end":{"line":8,"column":43}},"5":{"start":{"line":9,"column":6},"end":{"line":11,"column":9}},"6":{"start":{"line":13,"column":6},"end":{"line":13,"column":67}},"7":{"start":{"line":15,"column":4},"end":{"line":15,"column":11}},"8":{"start":{"line":16,"column":4},"end":{"line":16,"column":21}},"9":{"start":{"line":20,"column":0},"end":{"line":20,"column":26}}},"fnMap":{"0":{"name":"(anonymous_1)","decl":{"start":{"line":6,"column":20},"end":{"line":6,"column":21}},"loc":{"start":{"line":6,"column":77},"end":{"line":17,"column":3}}}},"branchMap":{},"s":{"0":3,"1":3,"2":3,"3":12,"4":12,"5":12,"6":0,"7":12,"8":12,"9":3},"f":{"0":12},"b":{}}
,"/home/munendra.kushwaha/WORKSPACE/events-backend/src/modules/users/repository/index.ts": {"path":"/home/munendra.kushwaha/WORKSPACE/events-backend/src/modules/users/repository/index.ts","statementMap":{"0":{"start":{"line":1,"column":0},"end":{"line":1,"column":7}},"1":{"start":{"line":5,"column":9},"end":{"line":1,"column":32}},"2":{"start":{"line":2,"column":0},"end":{"line":2,"column":7}},"3":{"start":{"line":5,"column":20},"end":{"line":2,"column":34}},"4":{"start":{"line":3,"column":0},"end":{"line":3,"column":7}},"5":{"start":{"line":5,"column":32},"end":{"line":3,"column":38}}},"fnMap":{},"branchMap":{},"s":{"0":3,"1":3,"2":3,"3":3,"4":3,"5":3},"f":{},"b":{}}
,"/home/munendra.kushwaha/WORKSPACE/events-backend/src/modules/users/repository/model.ts": {"path":"/home/munendra.kushwaha/WORKSPACE/events-backend/src/modules/users/repository/model.ts","statementMap":{"0":{"start":{"line":1,"column":0},"end":{"line":1,"column":48}},"1":{"start":{"line":2,"column":0},"end":{"line":2,"column":34}},"2":{"start":{"line":5,"column":32},"end":{"line":5,"column":74}},"3":{"start":{"line":6,"column":0},"end":{"line":6,"column":25}}},"fnMap":{},"branchMap":{},"s":{"0":3,"1":3,"2":3,"3":3},"f":{},"b":{}}
,"/home/munendra.kushwaha/WORKSPACE/events-backend/src/modules/users/repository/repository.ts": {"path":"/home/munendra.kushwaha/WORKSPACE/events-backend/src/modules/users/repository/repository.ts","statementMap":{"0":{"start":{"line":2,"column":0},"end":{"line":2,"column":28}},"1":{"start":{"line":3,"column":0},"end":{"line":3,"column":30}},"2":{"start":{"line":5,"column":0},"end":{"line":5,"column":52}},"3":{"start":{"line":6,"column":0},"end":{"line":6,"column":43}},"4":{"start":{"line":12,"column":4},"end":{"line":12,"column":21}},"5":{"start":{"line":13,"column":4},"end":{"line":13,"column":31}},"6":{"start":{"line":17,"column":4},"end":{"line":17,"column":47}},"7":{"start":{"line":18,"column":36},"end":{"line":20,"column":6}},"8":{"start":{"line":21,"column":4},"end":{"line":28,"column":5}},"9":{"start":{"line":22,"column":35},"end":{"line":22,"column":74}},"10":{"start":{"line":23,"column":19},"end":{"line":25,"column":null}},"11":{"start":{"line":27,"column":6},"end":{"line":27,"column":50}},"12":{"start":{"line":29,"column":4},"end":{"line":29,"column":45}},"13":{"start":{"line":32,"column":0},"end":{"line":32,"column":32}}},"fnMap":{"0":{"name":"(anonymous_1)","decl":{"start":{"line":11,"column":2},"end":{"line":11,"column":null}},"loc":{"start":{"line":11,"column":2},"end":{"line":14,"column":3}}},"1":{"name":"(anonymous_2)","decl":{"start":{"line":16,"column":9},"end":{"line":16,"column":14}},"loc":{"start":{"line":16,"column":38},"end":{"line":30,"column":3}}}},"branchMap":{"0":{"loc":{"start":{"line":21,"column":4},"end":{"line":28,"column":5}},"type":"if","locations":[{"start":{"line":21,"column":4},"end":{"line":28,"column":5}}]}},"s":{"0":3,"1":3,"2":3,"3":3,"4":3,"5":3,"6":12,"7":12,"8":9,"9":6,"10":6,"11":6,"12":3,"13":3},"f":{"0":3,"1":12},"b":{"0":[6]}}
,"/home/munendra.kushwaha/WORKSPACE/events-backend/src/modules/users/repository/schema.ts": {"path":"/home/munendra.kushwaha/WORKSPACE/events-backend/src/modules/users/repository/schema.ts","statementMap":{"0":{"start":{"line":1,"column":0},"end":{"line":1,"column":34}},"1":{"start":{"line":4,"column":27},"end":{"line":9,"column":2}},"2":{"start":{"line":11,"column":0},"end":{"line":11,"column":26}}},"fnMap":{},"branchMap":{},"s":{"0":3,"1":3,"2":3},"f":{},"b":{}}
,"/home/munendra.kushwaha/WORKSPACE/events-backend/src/modules/users/schema/joiSchema.ts": {"path":"/home/munendra.kushwaha/WORKSPACE/events-backend/src/modules/users/schema/joiSchema.ts","statementMap":{"0":{"start":{"line":1,"column":0},"end":{"line":1,"column":22}},"1":{"start":{"line":4,"column":11},"end":{"line":16,"column":7}},"2":{"start":{"line":4,"column":51},"end":{"line":16,"column":6}},"3":{"start":{"line":18,"column":0},"end":{"line":18,"column":25}}},"fnMap":{"0":{"name":"(anonymous_1)","decl":{"start":{"line":4,"column":22},"end":{"line":4,"column":48}},"loc":{"start":{"line":4,"column":51},"end":{"line":16,"column":6}}}},"branchMap":{},"s":{"0":3,"1":3,"2":12,"3":3},"f":{"0":12},"b":{}}
,"/home/munendra.kushwaha/WORKSPACE/events-backend/src/utils/logger.ts": {"path":"/home/munendra.kushwaha/WORKSPACE/events-backend/src/utils/logger.ts","statementMap":{"0":{"start":{"line":1,"column":0},"end":{"line":1,"column":59}},"1":{"start":{"line":2,"column":0},"end":{"line":2,"column":37}},"2":{"start":{"line":4,"column":15},"end":{"line":18,"column":2}},"3":{"start":{"line":12,"column":12},"end":{"line":12,"column":69}},"4":{"start":{"line":20,"column":0},"end":{"line":20,"column":22}}},"fnMap":{"0":{"name":"(anonymous_1)","decl":{"start":{"line":11,"column":18},"end":{"line":11,"column":21}},"loc":{"start":{"line":12,"column":12},"end":{"line":12,"column":69}}}},"branchMap":{},"s":{"0":3,"1":3,"2":3,"3":313,"4":3},"f":{"0":313},"b":{}}
}
