TN:
SF:src/app.ts
FN:17,(anonymous_1)
FN:22,(anonymous_2)
FN:27,(anonymous_3)
FN:43,(anonymous_4)
FN:50,(anonymous_5)
FN:55,(anonymous_6)
FN:60,(anonymous_7)
FN:61,(anonymous_8)
FNF:8
FNH:6
FNDA:3,(anonymous_1)
FNDA:44,(anonymous_2)
FNDA:44,(anonymous_3)
FNDA:44,(anonymous_4)
FNDA:1,(anonymous_5)
FNDA:1,(anonymous_6)
FNDA:0,(anonymous_7)
FNDA:0,(anonymous_8)
DA:1,3
DA:2,3
DA:3,3
DA:4,3
DA:5,3
DA:6,3
DA:7,3
DA:8,3
DA:9,3
DA:11,3
DA:12,3
DA:18,3
DA:19,3
DA:23,44
DA:24,44
DA:28,44
DA:29,44
DA:30,44
DA:31,44
DA:39,44
DA:40,44
DA:44,44
DA:45,44
DA:47,44
DA:48,44
DA:51,1
DA:55,44
DA:56,1
DA:61,0
DA:62,0
DA:66,3
LF:31
LH:29
BRF:0
BRH:0
end_of_record
TN:
SF:src/config.ts
FNF:0
FNH:0
DA:1,3
DA:9,3
DA:11,3
DA:18,3
LF:4
LH:4
BRDA:12,0,0,3
BRDA:12,0,1,0
BRDA:12,1,0,3
BRDA:12,1,1,3
BRDA:13,2,0,3
BRDA:13,2,1,0
BRDA:13,3,0,3
BRDA:13,3,1,3
BRDA:14,4,0,3
BRDA:14,4,1,0
BRDA:14,5,0,3
BRDA:14,5,1,3
BRDA:15,6,0,3
BRDA:15,6,1,0
BRDA:15,7,0,3
BRDA:15,7,1,3
BRF:16
BRH:12
end_of_record
TN:
SF:src/docs/swaggerConfig.ts
FNF:0
FNH:0
DA:1,3
DA:3,3
DA:21,3
DA:23,3
LF:4
LH:4
BRF:0
BRH:0
end_of_record
TN:
SF:src/lib/Connection.ts
FN:4,(anonymous_1)
FN:7,(anonymous_2)
FN:16,(anonymous_3)
FNF:3
FNH:3
FNDA:3,(anonymous_1)
FNDA:88,(anonymous_2)
FNDA:57,(anonymous_3)
DA:1,3
DA:2,3
DA:3,3
DA:5,3
DA:7,3
DA:8,88
DA:9,88
DA:10,88
DA:12,0
DA:16,3
DA:17,57
DA:18,57
DA:19,57
DA:21,0
DA:26,3
LF:15
LH:13
BRF:0
BRH:0
end_of_record
TN:
SF:src/lib/index.ts
FNF:0
FNH:0
DA:1,3
DA:2,3
DA:4,3
LF:3
LH:3
BRF:0
BRH:0
end_of_record
TN:
SF:src/lib/base/baseRepository.ts
FN:8,(anonymous_1)
FN:12,(anonymous_2)
FN:17,(anonymous_3)
FNF:3
FNH:3
FNDA:6,(anonymous_1)
FNDA:2,(anonymous_2)
FNDA:11,(anonymous_3)
DA:3,3
DA:9,6
DA:13,2
DA:14,2
DA:18,11
DA:19,11
DA:23,3
LF:7
LH:7
BRF:0
BRH:0
end_of_record
TN:
SF:src/lib/response-handler/StatusCodes.ts
FNF:0
FNH:0
DA:1,3
DA:39,3
LF:2
LH:2
BRF:0
BRH:0
end_of_record
TN:
SF:src/lib/response-handler/SystemResponse.ts
FN:4,(anonymous_1)
FN:13,(anonymous_2)
FN:21,(anonymous_3)
FN:28,(anonymous_4)
FN:36,(anonymous_5)
FN:43,(anonymous_6)
FNF:6
FNH:3
FNDA:10,(anonymous_1)
FNDA:1,(anonymous_2)
FNDA:0,(anonymous_3)
FNDA:0,(anonymous_4)
FNDA:0,(anonymous_5)
FNDA:8,(anonymous_6)
DA:1,3
DA:5,10
DA:14,1
DA:22,0
DA:29,0
DA:37,0
DA:44,8
DA:53,3
LF:8
LH:5
BRDA:7,0,0,10
BRDA:7,0,1,2
BRDA:8,1,0,10
BRDA:8,1,1,7
BRDA:9,2,0,10
BRDA:9,2,1,0
BRDA:24,3,0,0
BRDA:24,3,1,0
BRDA:31,4,0,0
BRDA:31,4,1,0
BRDA:39,5,0,0
BRDA:39,5,1,0
BRDA:46,6,0,8
BRDA:46,6,1,1
BRDA:47,7,0,8
BRDA:47,7,1,0
BRDA:48,8,0,8
BRDA:48,8,1,7
BRF:18
BRH:10
end_of_record
TN:
SF:src/middlewares/OtherMiddleware.ts
FN:6,(anonymous_1)
FN:15,(anonymous_2)
FNF:2
FNH:2
FNDA:44,(anonymous_1)
FNDA:44,(anonymous_2)
DA:3,3
DA:6,3
DA:11,44
DA:12,44
DA:15,3
DA:16,44
DA:17,44
DA:21,3
LF:8
LH:8
BRF:0
BRH:0
end_of_record
TN:
SF:src/middlewares/index.ts
FNF:0
FNH:0
DA:1,3
DA:3,3
LF:2
LH:2
BRF:0
BRH:0
end_of_record
TN:
SF:src/modules/events/controller.ts
FN:14,(anonymous_1)
FN:15,(anonymous_2)
FN:73,(anonymous_3)
FN:97,(anonymous_4)
FN:119,(anonymous_5)
FN:141,(anonymous_6)
FN:171,(anonymous_7)
FN:203,(anonymous_8)
FN:227,(anonymous_9)
FN:245,(anonymous_10)
FN:266,(anonymous_11)
FN:267,(anonymous_12)
FN:277,(anonymous_13)
FNF:13
FNH:13
FNDA:3,(anonymous_1)
FNDA:4,(anonymous_2)
FNDA:2,(anonymous_3)
FNDA:2,(anonymous_4)
FNDA:2,(anonymous_5)
FNDA:2,(anonymous_6)
FNDA:2,(anonymous_7)
FNDA:2,(anonymous_8)
FNDA:2,(anonymous_9)
FNDA:2,(anonymous_10)
FNDA:1,(anonymous_11)
FNDA:2,(anonymous_12)
FNDA:3,(anonymous_13)
DA:2,3
DA:3,3
DA:5,3
DA:6,3
DA:7,3
DA:9,3
DA:11,3
DA:12,3
DA:15,3
DA:16,4
DA:17,4
DA:18,4
DA:19,4
DA:21,4
DA:24,4
DA:25,2
DA:26,1
DA:37,2
DA:38,1
DA:39,1
DA:40,1
DA:50,1
DA:51,1
DA:61,1
DA:62,1
DA:73,3
DA:74,2
DA:75,2
DA:76,2
DA:77,2
DA:78,2
DA:80,2
DA:82,2
DA:83,1
DA:84,1
DA:90,1
DA:91,1
DA:97,3
DA:98,2
DA:99,2
DA:101,2
DA:103,1
DA:107,1
DA:108,1
DA:119,3
DA:120,2
DA:121,2
DA:122,2
DA:123,2
DA:124,1
DA:128,1
DA:130,1
DA:141,3
DA:142,2
DA:143,2
DA:144,2
DA:145,2
DA:146,0
DA:148,2
DA:150,1
DA:151,1
DA:155,0
DA:157,0
DA:159,1
DA:160,1
DA:171,3
DA:172,2
DA:173,2
DA:174,2
DA:175,2
DA:176,0
DA:178,2
DA:179,2
DA:180,1
DA:181,1
DA:187,0
DA:191,1
DA:192,1
DA:203,3
DA:204,2
DA:205,2
DA:206,2
DA:207,0
DA:209,2
DA:210,2
DA:211,1
DA:215,1
DA:216,1
DA:227,3
DA:228,2
DA:229,2
DA:230,2
DA:231,2
DA:232,2
DA:233,1
DA:237,1
DA:238,1
DA:239,1
DA:240,1
DA:241,1
DA:243,1
DA:248,2
DA:267,1
DA:268,2
DA:271,2
DA:272,0
DA:274,2
DA:277,3
DA:281,1
DA:282,1
DA:283,0
DA:284,0
DA:285,0
DA:289,1
DA:291,1
DA:292,1
DA:293,1
DA:297,1
DA:298,1
DA:301,1
DA:303,1
DA:313,1
DA:314,1
DA:319,0
DA:320,0
DA:332,3
LF:126
LH:114
BRDA:24,0,0,2
BRDA:37,1,0,1
BRDA:66,2,0,1
BRDA:66,2,1,0
BRDA:66,3,0,0
BRDA:66,3,1,1
BRDA:66,4,0,1
BRDA:66,4,1,1
BRDA:93,5,0,0
BRDA:93,5,1,1
BRDA:93,6,0,1
BRDA:93,6,1,1
BRDA:112,7,0,1
BRDA:112,7,1,0
BRDA:112,8,0,0
BRDA:112,8,1,1
BRDA:112,9,0,1
BRDA:112,9,1,1
BRDA:134,10,0,1
BRDA:134,10,1,0
BRDA:134,11,0,0
BRDA:134,11,1,1
BRDA:134,12,0,1
BRDA:134,12,1,1
BRDA:145,13,0,0
BRDA:150,14,0,1
BRDA:164,15,0,1
BRDA:164,15,1,0
BRDA:164,16,0,0
BRDA:164,16,1,1
BRDA:164,17,0,1
BRDA:164,17,1,1
BRDA:175,18,0,0
BRDA:180,19,0,1
BRDA:196,20,0,1
BRDA:196,20,1,0
BRDA:196,21,0,0
BRDA:196,21,1,1
BRDA:196,22,0,1
BRDA:196,22,1,1
BRDA:206,23,0,0
BRDA:220,24,0,1
BRDA:220,24,1,0
BRDA:220,25,0,0
BRDA:220,25,1,1
BRDA:220,26,0,1
BRDA:220,26,1,1
BRDA:230,27,0,1
BRDA:230,27,1,1
BRDA:230,28,0,2
BRDA:230,28,1,2
BRDA:231,29,0,1
BRDA:231,29,1,1
BRDA:231,30,0,2
BRDA:231,30,1,2
BRDA:232,31,0,1
BRDA:271,32,0,0
BRDA:271,32,1,2
BRDA:277,33,0,0
BRDA:277,33,1,2
BRDA:277,34,0,2
BRDA:277,34,1,2
BRDA:324,35,0,0
BRDA:324,35,1,0
BRDA:324,36,0,0
BRDA:324,36,1,0
BRDA:324,37,0,0
BRDA:324,37,1,0
BRF:68
BRH:44
end_of_record
TN:
SF:src/modules/events/index.ts
FNF:0
FNH:0
DA:1,3
DA:2,3
DA:3,3
DA:5,3
LF:4
LH:4
BRF:0
BRH:0
end_of_record
TN:
SF:src/modules/events/joiSchema.ts
FN:4,(anonymous_1)
FNF:1
FNH:1
FNDA:2,(anonymous_1)
DA:1,3
DA:4,3
DA:22,3
LF:3
LH:3
BRF:0
BRH:0
end_of_record
TN:
SF:src/modules/events/route.ts
FNF:0
FNH:0
DA:1,3
DA:2,3
DA:3,3
DA:4,3
DA:5,3
DA:6,3
DA:75,3
DA:92,3
DA:134,3
DA:161,3
DA:242,3
DA:271,3
DA:313,3
DA:343,3
DA:351,3
LF:15
LH:15
BRF:0
BRH:0
end_of_record
TN:
SF:src/modules/events/service.ts
FN:5,(anonymous_1)
FN:6,(anonymous_2)
FN:15,(anonymous_3)
FN:24,(anonymous_4)
FN:29,(anonymous_5)
FN:34,(anonymous_6)
FN:39,(anonymous_7)
FN:44,(anonymous_8)
FN:50,(anonymous_9)
FN:55,(anonymous_10)
FN:60,(anonymous_11)
FN:64,(anonymous_12)
FN:68,(anonymous_13)
FNF:13
FNH:12
FNDA:3,(anonymous_1)
FNDA:1,(anonymous_2)
FNDA:2,(anonymous_3)
FNDA:2,(anonymous_4)
FNDA:2,(anonymous_5)
FNDA:2,(anonymous_6)
FNDA:1,(anonymous_7)
FNDA:2,(anonymous_8)
FNDA:2,(anonymous_9)
FNDA:2,(anonymous_10)
FNDA:0,(anonymous_11)
FNDA:1,(anonymous_12)
FNDA:1,(anonymous_13)
DA:2,3
DA:3,3
DA:6,3
DA:11,1
DA:12,1
DA:13,1
DA:15,3
DA:20,2
DA:21,2
DA:24,3
DA:25,2
DA:26,2
DA:30,2
DA:31,2
DA:35,2
DA:36,2
DA:40,1
DA:41,1
DA:45,2
DA:46,2
DA:47,2
DA:51,2
DA:52,2
DA:56,2
DA:57,2
DA:61,0
DA:62,0
DA:65,1
DA:66,1
DA:69,1
DA:70,1
DA:73,3
LF:32
LH:30
BRF:0
BRH:0
end_of_record
TN:
SF:src/modules/events/repository/index.ts
FNF:0
FNH:0
DA:1,3
DA:2,3
DA:3,3
DA:5,3
LF:4
LH:4
BRF:0
BRH:0
end_of_record
TN:
SF:src/modules/events/repository/model.ts
FNF:0
FNH:0
DA:1,3
DA:3,3
DA:5,3
DA:7,3
LF:4
LH:4
BRF:0
BRH:0
end_of_record
TN:
SF:src/modules/events/repository/repository.ts
FN:17,(anonymous_1)
FN:24,(anonymous_2)
FN:34,(anonymous_3)
FN:39,(anonymous_4)
FN:44,(anonymous_5)
FN:55,(anonymous_6)
FN:71,(anonymous_7)
FN:78,(anonymous_8)
FN:83,(anonymous_9)
FN:87,(anonymous_10)
FN:92,(anonymous_11)
FNF:11
FNH:10
FNDA:3,(anonymous_1)
FNDA:1,(anonymous_2)
FNDA:2,(anonymous_3)
FNDA:2,(anonymous_4)
FNDA:2,(anonymous_5)
FNDA:1,(anonymous_6)
FNDA:2,(anonymous_7)
FNDA:2,(anonymous_8)
FNDA:0,(anonymous_9)
FNDA:1,(anonymous_10)
FNDA:1,(anonymous_11)
DA:3,3
DA:4,3
DA:5,3
DA:6,3
DA:9,3
DA:18,3
DA:19,3
DA:20,3
DA:21,3
DA:29,1
DA:30,1
DA:31,1
DA:32,1
DA:35,2
DA:36,2
DA:40,2
DA:41,2
DA:45,2
DA:46,2
DA:47,1
DA:52,1
DA:56,1
DA:57,1
DA:58,1
DA:61,1
DA:65,1
DA:67,0
DA:72,2
DA:73,2
DA:79,2
DA:80,2
DA:84,0
DA:85,0
DA:88,1
DA:89,1
DA:93,1
DA:94,1
DA:98,3
LF:38
LH:35
BRF:0
BRH:0
end_of_record
TN:
SF:src/modules/events/repository/schema.ts
FNF:0
FNH:0
DA:1,3
DA:4,3
DA:12,3
DA:27,3
LF:4
LH:4
BRF:0
BRH:0
end_of_record
TN:
SF:src/modules/events/repositoryBulk/model.ts
FNF:0
FNH:0
DA:1,3
DA:2,3
DA:5,3
DA:9,3
LF:4
LH:4
BRF:0
BRH:0
end_of_record
TN:
SF:src/modules/events/repositoryBulk/modelError.ts
FNF:0
FNH:0
DA:1,3
DA:2,3
DA:5,3
DA:10,3
LF:4
LH:4
BRF:0
BRH:0
end_of_record
TN:
SF:src/modules/events/repositoryBulk/schema.ts
FNF:0
FNH:0
DA:1,3
DA:4,3
DA:19,3
LF:3
LH:3
BRF:0
BRH:0
end_of_record
TN:
SF:src/modules/events/repositoryBulk/schemaError.ts
FNF:0
FNH:0
DA:1,3
DA:4,3
DA:10,3
LF:3
LH:3
BRF:0
BRH:0
end_of_record
TN:
SF:src/modules/users/controller.ts
FN:6,(anonymous_1)
FN:28,(anonymous_2)
FNF:2
FNH:2
FNDA:9,(anonymous_1)
FNDA:12,(anonymous_2)
DA:2,3
DA:4,3
DA:5,3
DA:6,3
DA:7,9
DA:8,9
DA:9,9
DA:10,9
DA:11,0
DA:13,9
DA:15,6
DA:16,6
DA:17,6
DA:21,0
DA:23,3
DA:24,3
DA:28,3
DA:29,12
DA:30,12
DA:31,12
DA:32,12
DA:33,6
DA:34,3
DA:35,3
DA:37,6
DA:38,6
LF:26
LH:24
BRDA:10,0,0,0
BRDA:10,1,0,9
BRDA:10,1,1,9
BRDA:15,2,0,6
BRDA:33,3,0,3
BRF:5
BRH:4
end_of_record
TN:
SF:src/modules/users/index.ts
FNF:0
FNH:0
DA:1,3
DA:2,3
DA:3,3
DA:5,3
LF:4
LH:4
BRF:0
BRH:0
end_of_record
TN:
SF:src/modules/users/route.ts
FNF:0
FNH:0
DA:1,3
DA:2,3
DA:3,3
DA:5,3
DA:33,3
DA:75,3
DA:79,3
LF:7
LH:7
BRF:0
BRH:0
end_of_record
TN:
SF:src/modules/users/service.ts
FN:8,(anonymous_1)
FN:11,(anonymous_2)
FN:19,(anonymous_3)
FN:32,(anonymous_4)
FNF:4
FNH:4
FNDA:3,(anonymous_1)
FNDA:6,(anonymous_2)
FNDA:9,(anonymous_3)
FNDA:12,(anonymous_4)
DA:1,3
DA:2,3
DA:3,3
DA:5,3
DA:6,3
DA:9,3
DA:12,6
DA:13,6
DA:16,6
DA:20,9
DA:21,9
DA:22,9
DA:23,9
DA:25,6
DA:26,6
DA:27,6
DA:29,0
DA:33,12
DA:34,12
DA:37,3
LF:20
LH:19
BRDA:25,0,0,6
BRF:1
BRH:1
end_of_record
TN:
SF:src/modules/users/middleware/authenticate.ts
FN:7,(anonymous_7)
FN:10,(anonymous_8)
FN:27,(anonymous_9)
FNF:3
FNH:3
FNDA:3,(anonymous_7)
FNDA:18,(anonymous_8)
FNDA:12,(anonymous_9)
DA:2,3
DA:3,3
DA:4,3
DA:5,3
DA:8,3
DA:10,3
DA:11,18
DA:12,18
DA:13,18
DA:14,18
DA:15,0
DA:19,18
DA:21,0
DA:27,3
DA:32,12
DA:33,12
DA:35,12
DA:36,6
DA:37,6
DA:39,6
DA:40,6
DA:44,0
DA:50,6
DA:51,3
DA:52,3
DA:54,3
DA:59,3
LF:27
LH:24
BRDA:14,0,0,0
BRDA:35,1,0,6
BRDA:50,2,0,3
BRF:3
BRH:2
end_of_record
TN:
SF:src/modules/users/middleware/index.ts
FNF:0
FNH:0
DA:1,3
DA:2,3
DA:4,3
LF:3
LH:3
BRF:0
BRH:0
end_of_record
TN:
SF:src/modules/users/middleware/validate.ts
FN:6,(anonymous_1)
FNF:1
FNH:1
FNDA:12,(anonymous_1)
DA:2,3
DA:3,3
DA:6,3
DA:7,12
DA:8,12
DA:9,12
DA:13,0
DA:15,12
DA:16,12
DA:20,3
LF:10
LH:9
BRF:0
BRH:0
end_of_record
TN:
SF:src/modules/users/repository/index.ts
FNF:0
FNH:0
DA:1,3
DA:2,3
DA:3,3
DA:5,3
LF:4
LH:4
BRF:0
BRH:0
end_of_record
TN:
SF:src/modules/users/repository/model.ts
FNF:0
FNH:0
DA:1,3
DA:2,3
DA:5,3
DA:6,3
LF:4
LH:4
BRF:0
BRH:0
end_of_record
TN:
SF:src/modules/users/repository/repository.ts
FN:11,(anonymous_1)
FN:16,(anonymous_2)
FNF:2
FNH:2
FNDA:3,(anonymous_1)
FNDA:12,(anonymous_2)
DA:2,3
DA:3,3
DA:5,3
DA:6,3
DA:12,3
DA:13,3
DA:17,12
DA:18,12
DA:21,9
DA:22,6
DA:23,6
DA:27,6
DA:29,3
DA:32,3
LF:14
LH:14
BRDA:21,0,0,6
BRF:1
BRH:1
end_of_record
TN:
SF:src/modules/users/repository/schema.ts
FNF:0
FNH:0
DA:1,3
DA:4,3
DA:11,3
LF:3
LH:3
BRF:0
BRH:0
end_of_record
TN:
SF:src/modules/users/schema/joiSchema.ts
FN:4,(anonymous_1)
FNF:1
FNH:1
FNDA:12,(anonymous_1)
DA:1,3
DA:4,12
DA:18,3
LF:3
LH:3
BRF:0
BRH:0
end_of_record
TN:
SF:src/utils/logger.ts
FN:11,(anonymous_1)
FNF:1
FNH:1
FNDA:313,(anonymous_1)
DA:1,3
DA:2,3
DA:4,3
DA:12,313
DA:20,3
LF:5
LH:5
BRF:0
BRH:0
end_of_record
